2026-03-01 17:20:01,681 - INFO - Start polling
2026-03-01 17:20:01,714 - INFO - Run polling for bot @FrankDD_bot id=8364371911 - 'Frank'
2026-03-01 17:20:11,332 - INFO - Update id=63919818 is handled. Duration 198 ms by bot id=8364371911
2026-03-01 17:20:17,451 - INFO - Update id=63919819 is handled. Duration 45 ms by bot id=8364371911
2026-03-01 17:21:01,201 - INFO - Update id=63919820 is handled. Duration 126 ms by bot id=8364371911
2026-03-01 17:21:19,475 - INFO - Update id=63919821 is handled. Duration 56 ms by bot id=8364371911
2026-03-01 17:31:21,892 - INFO - Polling stopped
2026-03-01 17:31:21,895 - ERROR - Failed to fetch updates - TelegramNetworkError: HTTP Client says - ServerDisconnectedError: Server disconnected
2026-03-01 17:31:21,903 - WARNING - Sleep for 1.000000 seconds and try again... (tryings = 0, bot id = 8364371911)
2026-03-01 17:31:22,161 - INFO - Polling stopped for bot @FrankDD_bot id=8364371911 - 'Frank'
2026-03-01 17:31:32,247 - INFO - Start polling
2026-03-01 17:31:32,270 - INFO - Run polling for bot @FrankDD_bot id=8364371911 - 'Frank'
2026-03-01 17:31:45,464 - INFO - Started the bot.
2026-03-01 17:31:45,465 - INFO - Update id=63919822 is handled. Duration 138 ms by bot id=8364371911
2026-03-01 17:31:49,657 - INFO - Find_player command started...
2026-03-01 17:31:49,657 - INFO - Update id=63919823 is handled. Duration 38 ms by bot id=8364371911
2026-03-01 17:31:51,944 - INFO - Player not found...
2026-03-01 17:31:51,946 - INFO - Update id=63919824 is handled. Duration 68 ms by bot id=8364371911
2026-03-01 17:31:53,495 - INFO - Help command used.
2026-03-01 17:31:53,496 - INFO - Update id=63919825 is handled. Duration 47 ms by bot id=8364371911
2026-03-01 17:31:56,142 - INFO - Find_player command started...
2026-03-01 17:31:56,142 - INFO - Update id=63919826 is handled. Duration 48 ms by bot id=8364371911
2026-03-01 17:31:59,640 - INFO - Help command used.
2026-03-01 17:31:59,640 - INFO - Update id=63919827 is handled. Duration 222 ms by bot id=8364371911
2026-03-01 17:36:54,328 - INFO - Find_player command started...
2026-03-01 17:36:54,329 - INFO - Update id=63919828 is handled. Duration 43 ms by bot id=8364371911
2026-03-01 17:37:08,055 - INFO - Update id=63919829 is handled. Duration 61 ms by bot id=8364371911
2026-03-01 17:37:19,842 - INFO - Find_player command started...
2026-03-01 17:37:19,843 - INFO - Update id=63919830 is handled. Duration 37 ms by bot id=8364371911
2026-03-01 17:37:24,688 - INFO - Update id=63919831 is handled. Duration 62 ms by bot id=8364371911
2026-03-01 17:38:08,112 - INFO - Polling stopped
2026-03-01 17:38:08,115 - ERROR - Failed to fetch updates - TelegramNetworkError: HTTP Client says - ServerDisconnectedError: Server disconnected
2026-03-01 17:38:08,116 - WARNING - Sleep for 1.000000 seconds and try again... (tryings = 0, bot id = 8364371911)
2026-03-01 17:38:08,368 - INFO - Polling stopped for bot @FrankDD_bot id=8364371911 - 'Frank'
2026-03-01 17:38:18,184 - INFO - Start polling
2026-03-01 17:38:18,221 - INFO - Run polling for bot @FrankDD_bot id=8364371911 - 'Frank'
2026-03-01 17:38:18,572 - INFO - Find_player command started...
2026-03-01 17:38:18,574 - INFO - Update id=63919832 is handled. Duration 252 ms by bot id=8364371911
2026-03-01 17:38:24,036 - INFO - player found...
2026-03-01 17:38:24,037 - WARNING - Player not found...
2026-03-01 17:38:24,039 - INFO - Update id=63919833 is handled. Duration 65 ms by bot id=8364371911
2026-03-01 17:38:38,079 - INFO - Find_player command started...
2026-03-01 17:38:38,080 - INFO - Update id=63919834 is handled. Duration 152 ms by bot id=8364371911
2026-03-01 17:38:42,580 - INFO - player found...
2026-03-01 17:38:42,581 - WARNING - Player not found...
2026-03-01 17:38:42,581 - INFO - Update id=63919835 is handled. Duration 89 ms by bot id=8364371911
2026-03-01 17:38:52,566 - INFO - Find_player command started...
2026-03-01 17:38:52,566 - INFO - Update id=63919836 is handled. Duration 35 ms by bot id=8364371911
2026-03-01 17:38:56,664 - WARNING - Player not found...
2026-03-01 17:38:56,665 - INFO - Update id=63919837 is handled. Duration 108 ms by bot id=8364371911
2026-03-01 17:39:26,372 - INFO - Find_player command started...
2026-03-01 17:39:26,372 - INFO - Update id=63919838 is handled. Duration 49 ms by bot id=8364371911
2026-03-01 17:39:34,666 - INFO - player found...
2026-03-01 17:39:34,666 - WARNING - Player not found...
2026-03-01 17:39:34,666 - INFO - Update id=63919839 is handled. Duration 97 ms by bot id=8364371911
2026-03-01 17:39:39,093 - INFO - Polling stopped
2026-03-01 17:39:39,095 - ERROR - Failed to fetch updates - TelegramNetworkError: HTTP Client says - ServerDisconnectedError: Server disconnected
2026-03-01 17:39:39,095 - WARNING - Sleep for 1.000000 seconds and try again... (tryings = 0, bot id = 8364371911)
2026-03-01 17:39:39,348 - INFO - Polling stopped for bot @FrankDD_bot id=8364371911 - 'Frank'
2026-03-01 17:39:47,392 - INFO - Start polling
2026-03-01 17:39:47,421 - INFO - Run polling for bot @FrankDD_bot id=8364371911 - 'Frank'
2026-03-01 17:39:49,704 - INFO - Find_player command started...
2026-03-01 17:39:49,705 - INFO - Update id=63919840 is handled. Duration 116 ms by bot id=8364371911
2026-03-01 17:39:53,535 - INFO - player found...
2026-03-01 17:39:53,536 - INFO - Update id=63919841 is handled. Duration 242 ms by bot id=8364371911
2026-03-01 17:40:01,140 - INFO - Find_player command started...
2026-03-01 17:40:01,141 - INFO - Update id=63919842 is handled. Duration 155 ms by bot id=8364371911
2026-03-01 17:40:04,835 - WARNING - Player not found...
2026-03-01 17:40:04,835 - INFO - Update id=63919843 is handled. Duration 41 ms by bot id=8364371911
2026-03-01 17:44:09,044 - INFO - Polling stopped
2026-03-01 17:44:09,046 - ERROR - Failed to fetch updates - TelegramNetworkError: HTTP Client says - ServerDisconnectedError: Server disconnected
2026-03-01 17:44:09,047 - WARNING - Sleep for 1.000000 seconds and try again... (tryings = 0, bot id = 8364371911)
2026-03-01 17:44:09,308 - INFO - Polling stopped for bot @FrankDD_bot id=8364371911 - 'Frank'
2026-03-01 17:44:17,247 - INFO - KEYBOARD CREATED.
2026-03-01 17:44:18,173 - INFO - Start polling
2026-03-01 17:44:18,239 - INFO - Run polling for bot @FrankDD_bot id=8364371911 - 'Frank'
2026-03-01 17:44:47,465 - INFO - STARTED THE BOT.
2026-03-01 17:44:47,467 - INFO - Update id=63919844 is handled. Duration 242 ms by bot id=8364371911
2026-03-01 17:44:59,630 - INFO - Top command used...
2026-03-01 17:44:59,630 - INFO - Update id=63919845 is handled. Duration 46 ms by bot id=8364371911
2026-03-01 17:45:02,721 - INFO - Help command used...
2026-03-01 17:45:02,721 - INFO - Update id=63919846 is handled. Duration 57 ms by bot id=8364371911
2026-03-01 17:45:05,715 - INFO - Find_player command started...
2026-03-01 17:45:05,715 - INFO - Update id=63919847 is handled. Duration 99 ms by bot id=8364371911
2026-03-01 17:45:13,237 - INFO - player found...
2026-03-01 17:45:13,237 - INFO - Update id=63919848 is handled. Duration 113 ms by bot id=8364371911
2026-03-01 17:45:16,202 - INFO - Find_player command started...
2026-03-01 17:45:16,218 - INFO - Update id=63919849 is handled. Duration 91 ms by bot id=8364371911
2026-03-01 17:45:19,763 - WARNING - Player not found...
2026-03-01 17:45:19,764 - INFO - Update id=63919850 is handled. Duration 69 ms by bot id=8364371911
2026-03-01 17:51:08,698 - INFO - STARTED THE BOT.
2026-03-01 17:51:08,699 - INFO - Update id=63919851 is handled. Duration 89 ms by bot id=8364371911
2026-03-01 17:51:27,599 - INFO - STARTED THE BOT.
2026-03-01 17:51:27,600 - INFO - Update id=63919852 is handled. Duration 50 ms by bot id=8364371911
2026-03-01 17:51:32,245 - INFO - started adding player...
2026-03-01 17:51:32,246 - INFO - Update id=63919853 is handled. Duration 56 ms by bot id=8364371911
2026-03-01 17:51:34,706 - INFO - Find_player command started...
2026-03-01 17:51:34,707 - INFO - Update id=63919854 is handled. Duration 75 ms by bot id=8364371911
2026-03-01 17:51:40,105 - INFO - player found...
2026-03-01 17:51:40,106 - INFO - Update id=63919855 is handled. Duration 42 ms by bot id=8364371911
2026-03-01 18:17:38,214 - INFO - Find_player command started...
2026-03-01 18:17:38,214 - INFO - Update id=63919856 is handled. Duration 85 ms by bot id=8364371911
2026-03-01 18:17:42,337 - WARNING - Player not found...
2026-03-01 18:17:42,337 - INFO - Update id=63919857 is handled. Duration 35 ms by bot id=8364371911
2026-03-01 18:17:48,432 - INFO - started adding player...
2026-03-01 18:17:48,446 - INFO - Update id=63919858 is handled. Duration 62 ms by bot id=8364371911
2026-03-01 18:18:49,315 - INFO - started adding player...
2026-03-01 18:18:49,316 - INFO - Update id=63919859 is handled. Duration 40 ms by bot id=8364371911
2026-03-01 18:18:52,038 - INFO - Find_player command started...
2026-03-01 18:18:52,039 - INFO - Update id=63919860 is handled. Duration 82 ms by bot id=8364371911
2026-03-07 09:48:28,064 - INFO - KEYBOARD CREATED.
2026-03-07 09:48:29,256 - INFO - Start polling
2026-03-07 09:48:29,282 - INFO - Run polling for bot @FrankDD_bot id=8364371911 - 'Frank'
2026-03-07 09:48:37,348 - INFO - STARTED THE BOT.
2026-03-07 09:48:37,349 - INFO - Update id=63919861 is handled. Duration 196 ms by bot id=8364371911
2026-03-07 09:49:18,807 - ERROR - Failed to fetch updates - TelegramNetworkError: HTTP Client says - ClientOSError: [WinError 121] The semaphore timeout period has expired
2026-03-07 09:49:18,809 - WARNING - Sleep for 1.000000 seconds and try again... (tryings = 0, bot id = 8364371911)
2026-03-07 09:49:19,888 - INFO - Connection established (tryings = 1, bot id = 8364371911)
2026-03-07 09:49:20,053 - INFO - STARTED THE BOT.
2026-03-07 09:49:20,054 - INFO - Update id=63919866 is handled. Duration 161 ms by bot id=8364371911
2026-03-07 09:49:20,068 - INFO - started adding player...
2026-03-07 09:49:20,069 - INFO - Update id=63919864 is handled. Duration 177 ms by bot id=8364371911
2026-03-07 09:49:20,100 - INFO - Find_player command started...
2026-03-07 09:49:20,101 - INFO - Update id=63919862 is handled. Duration 211 ms by bot id=8364371911
2026-03-07 09:49:20,145 - INFO - STARTED THE BOT.
2026-03-07 09:49:20,145 - INFO - Update id=63919865 is handled. Duration 254 ms by bot id=8364371911
2026-03-07 09:49:20,251 - INFO - Find_player command started...
2026-03-07 09:49:20,255 - INFO - Update id=63919863 is handled. Duration 364 ms by bot id=8364371911
2026-03-07 09:49:23,246 - INFO - Find_player command started...
2026-03-07 09:49:23,246 - INFO - Update id=63919867 is handled. Duration 57 ms by bot id=8364371911
2026-03-07 09:49:25,646 - INFO - player found...
2026-03-07 09:49:25,646 - INFO - Update id=63919868 is handled. Duration 84 ms by bot id=8364371911
2026-03-07 09:49:29,428 - INFO - Find_player command started...
2026-03-07 09:49:29,428 - INFO - Update id=63919869 is handled. Duration 53 ms by bot id=8364371911
2026-03-07 09:49:32,230 - INFO - player found...
2026-03-07 09:49:32,231 - INFO - Update id=63919870 is handled. Duration 75 ms by bot id=8364371911
2026-03-07 09:53:18,909 - INFO - Polling stopped
2026-03-07 09:53:18,911 - ERROR - Failed to fetch updates - TelegramNetworkError: HTTP Client says - ServerDisconnectedError: Server disconnected
2026-03-07 09:53:18,912 - WARNING - Sleep for 1.000000 seconds and try again... (tryings = 0, bot id = 8364371911)
2026-03-07 09:53:19,175 - INFO - Polling stopped for bot @FrankDD_bot id=8364371911 - 'Frank'
2026-03-07 09:53:25,991 - INFO - KEYBOARD CREATED.
2026-03-07 09:53:27,197 - INFO - Start polling
2026-03-07 09:53:27,231 - INFO - Run polling for bot @FrankDD_bot id=8364371911 - 'Frank'
2026-03-07 09:53:31,436 - INFO - STARTED THE BOT.
2026-03-07 09:53:31,437 - INFO - Update id=63919871 is handled. Duration 123 ms by bot id=8364371911
2026-03-07 09:53:32,403 - INFO - Update id=63919872 is handled. Duration 33 ms by bot id=8364371911
2026-03-07 09:53:35,374 - INFO - Update id=63919873 is handled. Duration 152 ms by bot id=8364371911
2026-03-07 09:53:36,824 - INFO - Update id=63919874 is handled. Duration 87 ms by bot id=8364371911
2026-03-07 09:53:37,601 - INFO - Update id=63919875 is handled. Duration 62 ms by bot id=8364371911
2026-03-07 09:53:38,307 - INFO - Update id=63919876 is handled. Duration 29 ms by bot id=8364371911
2026-03-07 09:53:42,936 - INFO - Update id=63919877 is handled. Duration 73 ms by bot id=8364371911
2026-03-07 09:53:43,853 - INFO - Update id=63919878 is handled. Duration 30 ms by bot id=8364371911
2026-03-07 09:53:44,800 - INFO - Update id=63919879 is handled. Duration 59 ms by bot id=8364371911
2026-03-07 09:53:45,476 - INFO - Update id=63919880 is handled. Duration 59 ms by bot id=8364371911
2026-03-07 09:53:45,803 - INFO - Update id=63919881 is handled. Duration 127 ms by bot id=8364371911
2026-03-07 09:53:48,626 - INFO - Update id=63919883 is handled. Duration 108 ms by bot id=8364371911
2026-03-07 09:54:07,236 - INFO - Update id=63919882 is not handled. Duration 19204 ms by bot id=8364371911
2026-03-07 09:54:07,237 - ERROR - Cause exception while process update id=63919882 by bot id=8364371911
TelegramNetworkError: HTTP Client says - ClientOSError: [WinError 121] The semaphore timeout period has expired
Traceback (most recent call last):
  File "C:\Users\R O M A\AppData\Local\Programs\Python\Python313\Lib\asyncio\proactor_events.py", line 286, in _loop_reading
    length = fut.result()
  File "C:\Users\R O M A\AppData\Local\Programs\Python\Python313\Lib\asyncio\windows_events.py", line 804, in _poll
    value = callback(transferred, key, ov)
  File "C:\Users\R O M A\AppData\Local\Programs\Python\Python313\Lib\asyncio\windows_events.py", line 463, in finish_socket_func
    return ov.getresult()
           ~~~~~~~~~~~~^^
OSError: [WinError 121] The semaphore timeout period has expired

The above exception was the direct cause of the following exception:

Traceback (most recent call last):
  File "C:\Users\R O M A\OneDrive\Робочий стіл\telegram bots\.venv\Lib\site-packages\aiogram\client\session\aiohttp.py", line 167, in make_request
    async with session.post(
               ~~~~~~~~~~~~^
        url,
        ^^^^
        data=form,
        ^^^^^^^^^^
        timeout=self.timeout if timeout is None else timeout,
        ^^^^^^^^^^^^^^^^^^^^^^^^^^^^^^^^^^^^^^^^^^^^^^^^^^^^^
    ) as resp:
    ^
  File "C:\Users\R O M A\OneDrive\Робочий стіл\telegram bots\.venv\Lib\site-packages\aiohttp\client.py", line 1510, in __aenter__
    self._resp: _RetType = await self._coro
                           ^^^^^^^^^^^^^^^^
  File "C:\Users\R O M A\OneDrive\Робочий стіл\telegram bots\.venv\Lib\site-packages\aiohttp\client.py", line 779, in _request
    resp = await handler(req)
           ^^^^^^^^^^^^^^^^^^
  File "C:\Users\R O M A\OneDrive\Робочий стіл\telegram bots\.venv\Lib\site-packages\aiohttp\client.py", line 757, in _connect_and_send_request
    await resp.start(conn)
  File "C:\Users\R O M A\OneDrive\Робочий стіл\telegram bots\.venv\Lib\site-packages\aiohttp\client_reqrep.py", line 539, in start
    message, payload = await protocol.read()  # type: ignore[union-attr]
                       ^^^^^^^^^^^^^^^^^^^^^
  File "C:\Users\R O M A\OneDrive\Робочий стіл\telegram bots\.venv\Lib\site-packages\aiohttp\streams.py", line 703, in read
    await self._waiter
aiohttp.client_exceptions.ClientOSError: [WinError 121] The semaphore timeout period has expired

The above exception was the direct cause of the following exception:

Traceback (most recent call last):
  File "C:\Users\R O M A\OneDrive\Робочий стіл\telegram bots\.venv\Lib\site-packages\aiogram\dispatcher\dispatcher.py", line 320, in _process_update
    response = await self.feed_update(bot, update, **kwargs)
               ^^^^^^^^^^^^^^^^^^^^^^^^^^^^^^^^^^^^^^^^^^^^^
  File "C:\Users\R O M A\OneDrive\Робочий стіл\telegram bots\.venv\Lib\site-packages\aiogram\dispatcher\dispatcher.py", line 164, in feed_update
    response = await self.update.wrap_outer_middleware(
               ^^^^^^^^^^^^^^^^^^^^^^^^^^^^^^^^^^^^^^^^
    ...<7 lines>...
    )
    ^
  File "C:\Users\R O M A\OneDrive\Робочий стіл\telegram bots\.venv\Lib\site-packages\aiogram\dispatcher\middlewares\error.py", line 27, in __call__
    return await handler(event, data)
           ^^^^^^^^^^^^^^^^^^^^^^^^^^
  File "C:\Users\R O M A\OneDrive\Робочий стіл\telegram bots\.venv\Lib\site-packages\aiogram\dispatcher\middlewares\user_context.py", line 58, in __call__
    return await handler(event, data)
           ^^^^^^^^^^^^^^^^^^^^^^^^^^
  File "C:\Users\R O M A\OneDrive\Робочий стіл\telegram bots\.venv\Lib\site-packages\aiogram\fsm\middleware.py", line 43, in __call__
    return await handler(event, data)
           ^^^^^^^^^^^^^^^^^^^^^^^^^^
  File "C:\Users\R O M A\OneDrive\Робочий стіл\telegram bots\.venv\Lib\site-packages\aiogram\dispatcher\event\telegram.py", line 126, in trigger
    return await wrapped_inner(event, kwargs)
           ^^^^^^^^^^^^^^^^^^^^^^^^^^^^^^^^^^
  File "C:\Users\R O M A\OneDrive\Робочий стіл\telegram bots\.venv\Lib\site-packages\aiogram\dispatcher\event\handler.py", line 71, in call
    return await wrapped()
           ^^^^^^^^^^^^^^^
  File "C:\Users\R O M A\OneDrive\Робочий стіл\telegram bots\.venv\Lib\site-packages\aiogram\dispatcher\dispatcher.py", line 283, in _listen_update
    return await self.propagate_event(update_type=update_type, event=event, **kwargs)
           ^^^^^^^^^^^^^^^^^^^^^^^^^^^^^^^^^^^^^^^^^^^^^^^^^^^^^^^^^^^^^^^^^^^^^^^^^^
  File "C:\Users\R O M A\OneDrive\Робочий стіл\telegram bots\.venv\Lib\site-packages\aiogram\dispatcher\router.py", line 161, in propagate_event
    return await observer.wrap_outer_middleware(_wrapped, event=event, data=kwargs)
           ^^^^^^^^^^^^^^^^^^^^^^^^^^^^^^^^^^^^^^^^^^^^^^^^^^^^^^^^^^^^^^^^^^^^^^^^
  File "C:\Users\R O M A\OneDrive\Робочий стіл\telegram bots\.venv\Lib\site-packages\aiogram\dispatcher\router.py", line 153, in _wrapped
    return await self._propagate_event(
           ^^^^^^^^^^^^^^^^^^^^^^^^^^^^
    ...<4 lines>...
    )
    ^
  File "C:\Users\R O M A\OneDrive\Робочий стіл\telegram bots\.venv\Lib\site-packages\aiogram\dispatcher\router.py", line 181, in _propagate_event
    response = await observer.trigger(event, **kwargs)
               ^^^^^^^^^^^^^^^^^^^^^^^^^^^^^^^^^^^^^^^
  File "C:\Users\R O M A\OneDrive\Робочий стіл\telegram bots\.venv\Lib\site-packages\aiogram\dispatcher\event\telegram.py", line 126, in trigger
    return await wrapped_inner(event, kwargs)
           ^^^^^^^^^^^^^^^^^^^^^^^^^^^^^^^^^^
  File "C:\Users\R O M A\OneDrive\Робочий стіл\telegram bots\.venv\Lib\site-packages\aiogram\dispatcher\event\handler.py", line 71, in call
    return await wrapped()
           ^^^^^^^^^^^^^^^
  File "c:\Users\R O M A\OneDrive\Робочий стіл\telegram bots\bot.py", line 96, in process_buttons
    await callback.answer()
  File "C:\Users\R O M A\OneDrive\Робочий стіл\telegram bots\.venv\Lib\site-packages\aiogram\methods\base.py", line 82, in emit
    return await bot(self)
           ^^^^^^^^^^^^^^^
  File "C:\Users\R O M A\OneDrive\Робочий стіл\telegram bots\.venv\Lib\site-packages\aiogram\client\bot.py", line 487, in __call__
    return await self.session(self, method, timeout=request_timeout)
           ^^^^^^^^^^^^^^^^^^^^^^^^^^^^^^^^^^^^^^^^^^^^^^^^^^^^^^^^^
  File "C:\Users\R O M A\OneDrive\Робочий стіл\telegram bots\.venv\Lib\site-packages\aiogram\client\session\base.py", line 259, in __call__
    return cast(TelegramType, await middleware(bot, method))
                              ^^^^^^^^^^^^^^^^^^^^^^^^^^^^^
  File "C:\Users\R O M A\OneDrive\Робочий стіл\telegram bots\.venv\Lib\site-packages\aiogram\client\session\aiohttp.py", line 176, in make_request
    raise TelegramNetworkError(method=method, message=f"{type(e).__name__}: {e}") from e
aiogram.exceptions.TelegramNetworkError: HTTP Client says - ClientOSError: [WinError 121] The semaphore timeout period has expired
2026-03-07 09:54:07,839 - INFO - STARTED THE BOT.
2026-03-07 09:54:07,840 - INFO - Update id=63919884 is handled. Duration 44 ms by bot id=8364371911
2026-03-07 09:54:11,362 - INFO - STARTED THE BOT.
2026-03-07 09:54:11,363 - INFO - Update id=63919885 is handled. Duration 64 ms by bot id=8364371911
2026-03-07 09:54:30,509 - ERROR - Failed to fetch updates - TelegramNetworkError: HTTP Client says - ClientOSError: [WinError 121] The semaphore timeout period has expired
2026-03-07 09:54:30,510 - WARNING - Sleep for 1.000000 seconds and try again... (tryings = 0, bot id = 8364371911)
2026-03-07 09:54:31,641 - INFO - Connection established (tryings = 1, bot id = 8364371911)
2026-03-07 09:54:31,734 - INFO - Update id=63919889 is not handled. Duration 90 ms by bot id=8364371911
2026-03-07 09:54:31,734 - ERROR - Cause exception while process update id=63919889 by bot id=8364371911
TelegramBadRequest: Telegram server says - Bad Request: query is too old and response timeout expired or query ID is invalid
Traceback (most recent call last):
  File "C:\Users\R O M A\OneDrive\Робочий стіл\telegram bots\.venv\Lib\site-packages\aiogram\dispatcher\dispatcher.py", line 320, in _process_update
    response = await self.feed_update(bot, update, **kwargs)
               ^^^^^^^^^^^^^^^^^^^^^^^^^^^^^^^^^^^^^^^^^^^^^
  File "C:\Users\R O M A\OneDrive\Робочий стіл\telegram bots\.venv\Lib\site-packages\aiogram\dispatcher\dispatcher.py", line 164, in feed_update
    response = await self.update.wrap_outer_middleware(
               ^^^^^^^^^^^^^^^^^^^^^^^^^^^^^^^^^^^^^^^^
    ...<7 lines>...
    )
    ^
  File "C:\Users\R O M A\OneDrive\Робочий стіл\telegram bots\.venv\Lib\site-packages\aiogram\dispatcher\middlewares\error.py", line 27, in __call__
    return await handler(event, data)
           ^^^^^^^^^^^^^^^^^^^^^^^^^^
  File "C:\Users\R O M A\OneDrive\Робочий стіл\telegram bots\.venv\Lib\site-packages\aiogram\dispatcher\middlewares\user_context.py", line 58, in __call__
    return await handler(event, data)
           ^^^^^^^^^^^^^^^^^^^^^^^^^^
  File "C:\Users\R O M A\OneDrive\Робочий стіл\telegram bots\.venv\Lib\site-packages\aiogram\fsm\middleware.py", line 43, in __call__
    return await handler(event, data)
           ^^^^^^^^^^^^^^^^^^^^^^^^^^
  File "C:\Users\R O M A\OneDrive\Робочий стіл\telegram bots\.venv\Lib\site-packages\aiogram\dispatcher\event\telegram.py", line 126, in trigger
    return await wrapped_inner(event, kwargs)
           ^^^^^^^^^^^^^^^^^^^^^^^^^^^^^^^^^^
  File "C:\Users\R O M A\OneDrive\Робочий стіл\telegram bots\.venv\Lib\site-packages\aiogram\dispatcher\event\handler.py", line 71, in call
    return await wrapped()
           ^^^^^^^^^^^^^^^
  File "C:\Users\R O M A\OneDrive\Робочий стіл\telegram bots\.venv\Lib\site-packages\aiogram\dispatcher\dispatcher.py", line 283, in _listen_update
    return await self.propagate_event(update_type=update_type, event=event, **kwargs)
           ^^^^^^^^^^^^^^^^^^^^^^^^^^^^^^^^^^^^^^^^^^^^^^^^^^^^^^^^^^^^^^^^^^^^^^^^^^
  File "C:\Users\R O M A\OneDrive\Робочий стіл\telegram bots\.venv\Lib\site-packages\aiogram\dispatcher\router.py", line 161, in propagate_event
    return await observer.wrap_outer_middleware(_wrapped, event=event, data=kwargs)
           ^^^^^^^^^^^^^^^^^^^^^^^^^^^^^^^^^^^^^^^^^^^^^^^^^^^^^^^^^^^^^^^^^^^^^^^^
  File "C:\Users\R O M A\OneDrive\Робочий стіл\telegram bots\.venv\Lib\site-packages\aiogram\dispatcher\router.py", line 153, in _wrapped
    return await self._propagate_event(
           ^^^^^^^^^^^^^^^^^^^^^^^^^^^^
    ...<4 lines>...
    )
    ^
  File "C:\Users\R O M A\OneDrive\Робочий стіл\telegram bots\.venv\Lib\site-packages\aiogram\dispatcher\router.py", line 181, in _propagate_event
    response = await observer.trigger(event, **kwargs)
               ^^^^^^^^^^^^^^^^^^^^^^^^^^^^^^^^^^^^^^^
  File "C:\Users\R O M A\OneDrive\Робочий стіл\telegram bots\.venv\Lib\site-packages\aiogram\dispatcher\event\telegram.py", line 126, in trigger
    return await wrapped_inner(event, kwargs)
           ^^^^^^^^^^^^^^^^^^^^^^^^^^^^^^^^^^
  File "C:\Users\R O M A\OneDrive\Робочий стіл\telegram bots\.venv\Lib\site-packages\aiogram\dispatcher\event\handler.py", line 71, in call
    return await wrapped()
           ^^^^^^^^^^^^^^^
  File "c:\Users\R O M A\OneDrive\Робочий стіл\telegram bots\bot.py", line 96, in process_buttons
    await callback.answer()
  File "C:\Users\R O M A\OneDrive\Робочий стіл\telegram bots\.venv\Lib\site-packages\aiogram\methods\base.py", line 82, in emit
    return await bot(self)
           ^^^^^^^^^^^^^^^
  File "C:\Users\R O M A\OneDrive\Робочий стіл\telegram bots\.venv\Lib\site-packages\aiogram\client\bot.py", line 487, in __call__
    return await self.session(self, method, timeout=request_timeout)
           ^^^^^^^^^^^^^^^^^^^^^^^^^^^^^^^^^^^^^^^^^^^^^^^^^^^^^^^^^
  File "C:\Users\R O M A\OneDrive\Робочий стіл\telegram bots\.venv\Lib\site-packages\aiogram\client\session\base.py", line 259, in __call__
    return cast(TelegramType, await middleware(bot, method))
                              ^^^^^^^^^^^^^^^^^^^^^^^^^^^^^
  File "C:\Users\R O M A\OneDrive\Робочий стіл\telegram bots\.venv\Lib\site-packages\aiogram\client\session\aiohttp.py", line 177, in make_request
    response = self.check_response(
        bot=bot,
    ...<2 lines>...
        content=raw_result,
    )
  File "C:\Users\R O M A\OneDrive\Робочий стіл\telegram bots\.venv\Lib\site-packages\aiogram\client\session\base.py", line 121, in check_response
    raise TelegramBadRequest(method=method, message=description)
aiogram.exceptions.TelegramBadRequest: Telegram server says - Bad Request: query is too old and response timeout expired or query ID is invalid
2026-03-07 09:54:31,767 - INFO - Update id=63919887 is not handled. Duration 123 ms by bot id=8364371911
2026-03-07 09:54:31,767 - ERROR - Cause exception while process update id=63919887 by bot id=8364371911
TelegramBadRequest: Telegram server says - Bad Request: query is too old and response timeout expired or query ID is invalid
Traceback (most recent call last):
  File "C:\Users\R O M A\OneDrive\Робочий стіл\telegram bots\.venv\Lib\site-packages\aiogram\dispatcher\dispatcher.py", line 320, in _process_update
    response = await self.feed_update(bot, update, **kwargs)
               ^^^^^^^^^^^^^^^^^^^^^^^^^^^^^^^^^^^^^^^^^^^^^
  File "C:\Users\R O M A\OneDrive\Робочий стіл\telegram bots\.venv\Lib\site-packages\aiogram\dispatcher\dispatcher.py", line 164, in feed_update
    response = await self.update.wrap_outer_middleware(
               ^^^^^^^^^^^^^^^^^^^^^^^^^^^^^^^^^^^^^^^^
    ...<7 lines>...
    )
    ^
  File "C:\Users\R O M A\OneDrive\Робочий стіл\telegram bots\.venv\Lib\site-packages\aiogram\dispatcher\middlewares\error.py", line 27, in __call__
    return await handler(event, data)
           ^^^^^^^^^^^^^^^^^^^^^^^^^^
  File "C:\Users\R O M A\OneDrive\Робочий стіл\telegram bots\.venv\Lib\site-packages\aiogram\dispatcher\middlewares\user_context.py", line 58, in __call__
    return await handler(event, data)
           ^^^^^^^^^^^^^^^^^^^^^^^^^^
  File "C:\Users\R O M A\OneDrive\Робочий стіл\telegram bots\.venv\Lib\site-packages\aiogram\fsm\middleware.py", line 43, in __call__
    return await handler(event, data)
           ^^^^^^^^^^^^^^^^^^^^^^^^^^
  File "C:\Users\R O M A\OneDrive\Робочий стіл\telegram bots\.venv\Lib\site-packages\aiogram\dispatcher\event\telegram.py", line 126, in trigger
    return await wrapped_inner(event, kwargs)
           ^^^^^^^^^^^^^^^^^^^^^^^^^^^^^^^^^^
  File "C:\Users\R O M A\OneDrive\Робочий стіл\telegram bots\.venv\Lib\site-packages\aiogram\dispatcher\event\handler.py", line 71, in call
    return await wrapped()
           ^^^^^^^^^^^^^^^
  File "C:\Users\R O M A\OneDrive\Робочий стіл\telegram bots\.venv\Lib\site-packages\aiogram\dispatcher\dispatcher.py", line 283, in _listen_update
    return await self.propagate_event(update_type=update_type, event=event, **kwargs)
           ^^^^^^^^^^^^^^^^^^^^^^^^^^^^^^^^^^^^^^^^^^^^^^^^^^^^^^^^^^^^^^^^^^^^^^^^^^
  File "C:\Users\R O M A\OneDrive\Робочий стіл\telegram bots\.venv\Lib\site-packages\aiogram\dispatcher\router.py", line 161, in propagate_event
    return await observer.wrap_outer_middleware(_wrapped, event=event, data=kwargs)
           ^^^^^^^^^^^^^^^^^^^^^^^^^^^^^^^^^^^^^^^^^^^^^^^^^^^^^^^^^^^^^^^^^^^^^^^^
  File "C:\Users\R O M A\OneDrive\Робочий стіл\telegram bots\.venv\Lib\site-packages\aiogram\dispatcher\router.py", line 153, in _wrapped
    return await self._propagate_event(
           ^^^^^^^^^^^^^^^^^^^^^^^^^^^^
    ...<4 lines>...
    )
    ^
  File "C:\Users\R O M A\OneDrive\Робочий стіл\telegram bots\.venv\Lib\site-packages\aiogram\dispatcher\router.py", line 181, in _propagate_event
    response = await observer.trigger(event, **kwargs)
               ^^^^^^^^^^^^^^^^^^^^^^^^^^^^^^^^^^^^^^^
  File "C:\Users\R O M A\OneDrive\Робочий стіл\telegram bots\.venv\Lib\site-packages\aiogram\dispatcher\event\telegram.py", line 126, in trigger
    return await wrapped_inner(event, kwargs)
           ^^^^^^^^^^^^^^^^^^^^^^^^^^^^^^^^^^
  File "C:\Users\R O M A\OneDrive\Робочий стіл\telegram bots\.venv\Lib\site-packages\aiogram\dispatcher\event\handler.py", line 71, in call
    return await wrapped()
           ^^^^^^^^^^^^^^^
  File "c:\Users\R O M A\OneDrive\Робочий стіл\telegram bots\bot.py", line 96, in process_buttons
    await callback.answer()
  File "C:\Users\R O M A\OneDrive\Робочий стіл\telegram bots\.venv\Lib\site-packages\aiogram\methods\base.py", line 82, in emit
    return await bot(self)
           ^^^^^^^^^^^^^^^
  File "C:\Users\R O M A\OneDrive\Робочий стіл\telegram bots\.venv\Lib\site-packages\aiogram\client\bot.py", line 487, in __call__
    return await self.session(self, method, timeout=request_timeout)
           ^^^^^^^^^^^^^^^^^^^^^^^^^^^^^^^^^^^^^^^^^^^^^^^^^^^^^^^^^
  File "C:\Users\R O M A\OneDrive\Робочий стіл\telegram bots\.venv\Lib\site-packages\aiogram\client\session\base.py", line 259, in __call__
    return cast(TelegramType, await middleware(bot, method))
                              ^^^^^^^^^^^^^^^^^^^^^^^^^^^^^
  File "C:\Users\R O M A\OneDrive\Робочий стіл\telegram bots\.venv\Lib\site-packages\aiogram\client\session\aiohttp.py", line 177, in make_request
    response = self.check_response(
        bot=bot,
    ...<2 lines>...
        content=raw_result,
    )
  File "C:\Users\R O M A\OneDrive\Робочий стіл\telegram bots\.venv\Lib\site-packages\aiogram\client\session\base.py", line 121, in check_response
    raise TelegramBadRequest(method=method, message=description)
aiogram.exceptions.TelegramBadRequest: Telegram server says - Bad Request: query is too old and response timeout expired or query ID is invalid
2026-03-07 09:54:31,808 - INFO - Top command used...
2026-03-07 09:54:31,808 - INFO - Update id=63919891 is handled. Duration 163 ms by bot id=8364371911
2026-03-07 09:54:31,809 - INFO - Update id=63919886 is not handled. Duration 166 ms by bot id=8364371911
2026-03-07 09:54:31,810 - ERROR - Cause exception while process update id=63919886 by bot id=8364371911
TelegramBadRequest: Telegram server says - Bad Request: query is too old and response timeout expired or query ID is invalid
Traceback (most recent call last):
  File "C:\Users\R O M A\OneDrive\Робочий стіл\telegram bots\.venv\Lib\site-packages\aiogram\dispatcher\dispatcher.py", line 320, in _process_update
    response = await self.feed_update(bot, update, **kwargs)
               ^^^^^^^^^^^^^^^^^^^^^^^^^^^^^^^^^^^^^^^^^^^^^
  File "C:\Users\R O M A\OneDrive\Робочий стіл\telegram bots\.venv\Lib\site-packages\aiogram\dispatcher\dispatcher.py", line 164, in feed_update
    response = await self.update.wrap_outer_middleware(
               ^^^^^^^^^^^^^^^^^^^^^^^^^^^^^^^^^^^^^^^^
    ...<7 lines>...
    )
    ^
  File "C:\Users\R O M A\OneDrive\Робочий стіл\telegram bots\.venv\Lib\site-packages\aiogram\dispatcher\middlewares\error.py", line 27, in __call__
    return await handler(event, data)
           ^^^^^^^^^^^^^^^^^^^^^^^^^^
  File "C:\Users\R O M A\OneDrive\Робочий стіл\telegram bots\.venv\Lib\site-packages\aiogram\dispatcher\middlewares\user_context.py", line 58, in __call__
    return await handler(event, data)
           ^^^^^^^^^^^^^^^^^^^^^^^^^^
  File "C:\Users\R O M A\OneDrive\Робочий стіл\telegram bots\.venv\Lib\site-packages\aiogram\fsm\middleware.py", line 43, in __call__
    return await handler(event, data)
           ^^^^^^^^^^^^^^^^^^^^^^^^^^
  File "C:\Users\R O M A\OneDrive\Робочий стіл\telegram bots\.venv\Lib\site-packages\aiogram\dispatcher\event\telegram.py", line 126, in trigger
    return await wrapped_inner(event, kwargs)
           ^^^^^^^^^^^^^^^^^^^^^^^^^^^^^^^^^^
  File "C:\Users\R O M A\OneDrive\Робочий стіл\telegram bots\.venv\Lib\site-packages\aiogram\dispatcher\event\handler.py", line 71, in call
    return await wrapped()
           ^^^^^^^^^^^^^^^
  File "C:\Users\R O M A\OneDrive\Робочий стіл\telegram bots\.venv\Lib\site-packages\aiogram\dispatcher\dispatcher.py", line 283, in _listen_update
    return await self.propagate_event(update_type=update_type, event=event, **kwargs)
           ^^^^^^^^^^^^^^^^^^^^^^^^^^^^^^^^^^^^^^^^^^^^^^^^^^^^^^^^^^^^^^^^^^^^^^^^^^
  File "C:\Users\R O M A\OneDrive\Робочий стіл\telegram bots\.venv\Lib\site-packages\aiogram\dispatcher\router.py", line 161, in propagate_event
    return await observer.wrap_outer_middleware(_wrapped, event=event, data=kwargs)
           ^^^^^^^^^^^^^^^^^^^^^^^^^^^^^^^^^^^^^^^^^^^^^^^^^^^^^^^^^^^^^^^^^^^^^^^^
  File "C:\Users\R O M A\OneDrive\Робочий стіл\telegram bots\.venv\Lib\site-packages\aiogram\dispatcher\router.py", line 153, in _wrapped
    return await self._propagate_event(
           ^^^^^^^^^^^^^^^^^^^^^^^^^^^^
    ...<4 lines>...
    )
    ^
  File "C:\Users\R O M A\OneDrive\Робочий стіл\telegram bots\.venv\Lib\site-packages\aiogram\dispatcher\router.py", line 181, in _propagate_event
    response = await observer.trigger(event, **kwargs)
               ^^^^^^^^^^^^^^^^^^^^^^^^^^^^^^^^^^^^^^^
  File "C:\Users\R O M A\OneDrive\Робочий стіл\telegram bots\.venv\Lib\site-packages\aiogram\dispatcher\event\telegram.py", line 126, in trigger
    return await wrapped_inner(event, kwargs)
           ^^^^^^^^^^^^^^^^^^^^^^^^^^^^^^^^^^
  File "C:\Users\R O M A\OneDrive\Робочий стіл\telegram bots\.venv\Lib\site-packages\aiogram\dispatcher\event\handler.py", line 71, in call
    return await wrapped()
           ^^^^^^^^^^^^^^^
  File "c:\Users\R O M A\OneDrive\Робочий стіл\telegram bots\bot.py", line 96, in process_buttons
    await callback.answer()
  File "C:\Users\R O M A\OneDrive\Робочий стіл\telegram bots\.venv\Lib\site-packages\aiogram\methods\base.py", line 82, in emit
    return await bot(self)
           ^^^^^^^^^^^^^^^
  File "C:\Users\R O M A\OneDrive\Робочий стіл\telegram bots\.venv\Lib\site-packages\aiogram\client\bot.py", line 487, in __call__
    return await self.session(self, method, timeout=request_timeout)
           ^^^^^^^^^^^^^^^^^^^^^^^^^^^^^^^^^^^^^^^^^^^^^^^^^^^^^^^^^
  File "C:\Users\R O M A\OneDrive\Робочий стіл\telegram bots\.venv\Lib\site-packages\aiogram\client\session\base.py", line 259, in __call__
    return cast(TelegramType, await middleware(bot, method))
                              ^^^^^^^^^^^^^^^^^^^^^^^^^^^^^
  File "C:\Users\R O M A\OneDrive\Робочий стіл\telegram bots\.venv\Lib\site-packages\aiogram\client\session\aiohttp.py", line 177, in make_request
    response = self.check_response(
        bot=bot,
    ...<2 lines>...
        content=raw_result,
    )
  File "C:\Users\R O M A\OneDrive\Робочий стіл\telegram bots\.venv\Lib\site-packages\aiogram\client\session\base.py", line 121, in check_response
    raise TelegramBadRequest(method=method, message=description)
aiogram.exceptions.TelegramBadRequest: Telegram server says - Bad Request: query is too old and response timeout expired or query ID is invalid
2026-03-07 09:54:31,843 - INFO - Update id=63919888 is not handled. Duration 199 ms by bot id=8364371911
2026-03-07 09:54:31,844 - ERROR - Cause exception while process update id=63919888 by bot id=8364371911
TelegramBadRequest: Telegram server says - Bad Request: query is too old and response timeout expired or query ID is invalid
Traceback (most recent call last):
  File "C:\Users\R O M A\OneDrive\Робочий стіл\telegram bots\.venv\Lib\site-packages\aiogram\dispatcher\dispatcher.py", line 320, in _process_update
    response = await self.feed_update(bot, update, **kwargs)
               ^^^^^^^^^^^^^^^^^^^^^^^^^^^^^^^^^^^^^^^^^^^^^
  File "C:\Users\R O M A\OneDrive\Робочий стіл\telegram bots\.venv\Lib\site-packages\aiogram\dispatcher\dispatcher.py", line 164, in feed_update
    response = await self.update.wrap_outer_middleware(
               ^^^^^^^^^^^^^^^^^^^^^^^^^^^^^^^^^^^^^^^^
    ...<7 lines>...
    )
    ^
  File "C:\Users\R O M A\OneDrive\Робочий стіл\telegram bots\.venv\Lib\site-packages\aiogram\dispatcher\middlewares\error.py", line 27, in __call__
    return await handler(event, data)
           ^^^^^^^^^^^^^^^^^^^^^^^^^^
  File "C:\Users\R O M A\OneDrive\Робочий стіл\telegram bots\.venv\Lib\site-packages\aiogram\dispatcher\middlewares\user_context.py", line 58, in __call__
    return await handler(event, data)
           ^^^^^^^^^^^^^^^^^^^^^^^^^^
  File "C:\Users\R O M A\OneDrive\Робочий стіл\telegram bots\.venv\Lib\site-packages\aiogram\fsm\middleware.py", line 43, in __call__
    return await handler(event, data)
           ^^^^^^^^^^^^^^^^^^^^^^^^^^
  File "C:\Users\R O M A\OneDrive\Робочий стіл\telegram bots\.venv\Lib\site-packages\aiogram\dispatcher\event\telegram.py", line 126, in trigger
    return await wrapped_inner(event, kwargs)
           ^^^^^^^^^^^^^^^^^^^^^^^^^^^^^^^^^^
  File "C:\Users\R O M A\OneDrive\Робочий стіл\telegram bots\.venv\Lib\site-packages\aiogram\dispatcher\event\handler.py", line 71, in call
    return await wrapped()
           ^^^^^^^^^^^^^^^
  File "C:\Users\R O M A\OneDrive\Робочий стіл\telegram bots\.venv\Lib\site-packages\aiogram\dispatcher\dispatcher.py", line 283, in _listen_update
    return await self.propagate_event(update_type=update_type, event=event, **kwargs)
           ^^^^^^^^^^^^^^^^^^^^^^^^^^^^^^^^^^^^^^^^^^^^^^^^^^^^^^^^^^^^^^^^^^^^^^^^^^
  File "C:\Users\R O M A\OneDrive\Робочий стіл\telegram bots\.venv\Lib\site-packages\aiogram\dispatcher\router.py", line 161, in propagate_event
    return await observer.wrap_outer_middleware(_wrapped, event=event, data=kwargs)
           ^^^^^^^^^^^^^^^^^^^^^^^^^^^^^^^^^^^^^^^^^^^^^^^^^^^^^^^^^^^^^^^^^^^^^^^^
  File "C:\Users\R O M A\OneDrive\Робочий стіл\telegram bots\.venv\Lib\site-packages\aiogram\dispatcher\router.py", line 153, in _wrapped
    return await self._propagate_event(
           ^^^^^^^^^^^^^^^^^^^^^^^^^^^^
    ...<4 lines>...
    )
    ^
  File "C:\Users\R O M A\OneDrive\Робочий стіл\telegram bots\.venv\Lib\site-packages\aiogram\dispatcher\router.py", line 181, in _propagate_event
    response = await observer.trigger(event, **kwargs)
               ^^^^^^^^^^^^^^^^^^^^^^^^^^^^^^^^^^^^^^^
  File "C:\Users\R O M A\OneDrive\Робочий стіл\telegram bots\.venv\Lib\site-packages\aiogram\dispatcher\event\telegram.py", line 126, in trigger
    return await wrapped_inner(event, kwargs)
           ^^^^^^^^^^^^^^^^^^^^^^^^^^^^^^^^^^
  File "C:\Users\R O M A\OneDrive\Робочий стіл\telegram bots\.venv\Lib\site-packages\aiogram\dispatcher\event\handler.py", line 71, in call
    return await wrapped()
           ^^^^^^^^^^^^^^^
  File "c:\Users\R O M A\OneDrive\Робочий стіл\telegram bots\bot.py", line 96, in process_buttons
    await callback.answer()
  File "C:\Users\R O M A\OneDrive\Робочий стіл\telegram bots\.venv\Lib\site-packages\aiogram\methods\base.py", line 82, in emit
    return await bot(self)
           ^^^^^^^^^^^^^^^
  File "C:\Users\R O M A\OneDrive\Робочий стіл\telegram bots\.venv\Lib\site-packages\aiogram\client\bot.py", line 487, in __call__
    return await self.session(self, method, timeout=request_timeout)
           ^^^^^^^^^^^^^^^^^^^^^^^^^^^^^^^^^^^^^^^^^^^^^^^^^^^^^^^^^
  File "C:\Users\R O M A\OneDrive\Робочий стіл\telegram bots\.venv\Lib\site-packages\aiogram\client\session\base.py", line 259, in __call__
    return cast(TelegramType, await middleware(bot, method))
                              ^^^^^^^^^^^^^^^^^^^^^^^^^^^^^
  File "C:\Users\R O M A\OneDrive\Робочий стіл\telegram bots\.venv\Lib\site-packages\aiogram\client\session\aiohttp.py", line 177, in make_request
    response = self.check_response(
        bot=bot,
    ...<2 lines>...
        content=raw_result,
    )
  File "C:\Users\R O M A\OneDrive\Робочий стіл\telegram bots\.venv\Lib\site-packages\aiogram\client\session\base.py", line 121, in check_response
    raise TelegramBadRequest(method=method, message=description)
aiogram.exceptions.TelegramBadRequest: Telegram server says - Bad Request: query is too old and response timeout expired or query ID is invalid
2026-03-07 09:54:31,867 - INFO - Update id=63919890 is handled. Duration 222 ms by bot id=8364371911
2026-03-07 09:54:35,307 - INFO - Update id=63919892 is handled. Duration 29 ms by bot id=8364371911
2026-03-07 09:54:42,555 - INFO - Update id=63919893 is handled. Duration 30 ms by bot id=8364371911
2026-03-07 09:55:11,747 - ERROR - Failed to fetch updates - TelegramNetworkError: HTTP Client says - ClientOSError: [WinError 121] The semaphore timeout period has expired
2026-03-07 09:55:11,748 - WARNING - Sleep for 1.000000 seconds and try again... (tryings = 0, bot id = 8364371911)
2026-03-07 09:55:22,820 - INFO - Connection established (tryings = 1, bot id = 8364371911)
2026-03-07 09:55:52,008 - ERROR - Failed to fetch updates - TelegramNetworkError: HTTP Client says - ClientOSError: [WinError 121] The semaphore timeout period has expired
2026-03-07 09:55:52,008 - WARNING - Sleep for 1.000000 seconds and try again... (tryings = 0, bot id = 8364371911)
2026-03-07 09:56:03,086 - INFO - Connection established (tryings = 1, bot id = 8364371911)
2026-03-07 10:00:28,294 - INFO - Polling stopped
2026-03-07 10:00:28,297 - ERROR - Failed to fetch updates - TelegramNetworkError: HTTP Client says - ServerDisconnectedError: Server disconnected
2026-03-07 10:00:28,312 - WARNING - Sleep for 1.000000 seconds and try again... (tryings = 0, bot id = 8364371911)
2026-03-07 10:00:28,564 - INFO - Polling stopped for bot @FrankDD_bot id=8364371911 - 'Frank'
2026-03-07 10:00:35,464 - INFO - KEYBOARD CREATED.
2026-03-07 10:00:36,755 - INFO - Start polling
2026-03-07 10:00:36,785 - INFO - Run polling for bot @FrankDD_bot id=8364371911 - 'Frank'
2026-03-07 10:00:37,574 - INFO - STARTED THE BOT.
2026-03-07 10:00:37,578 - INFO - Update id=63919894 is handled. Duration 473 ms by bot id=8364371911
2026-03-07 10:00:38,797 - INFO - Update id=63919895 is handled. Duration 32 ms by bot id=8364371911
2026-03-07 10:00:54,398 - INFO - Update id=63919896 is handled. Duration 38 ms by bot id=8364371911
2026-03-07 10:00:56,697 - INFO - Update id=63919897 is handled. Duration 34 ms by bot id=8364371911
2026-03-07 10:01:15,871 - ERROR - Failed to fetch updates - TelegramNetworkError: HTTP Client says - ClientOSError: [WinError 121] The semaphore timeout period has expired
2026-03-07 10:01:15,871 - WARNING - Sleep for 1.000000 seconds and try again... (tryings = 0, bot id = 8364371911)
2026-03-07 10:01:17,230 - INFO - Connection established (tryings = 1, bot id = 8364371911)
2026-03-07 10:01:17,375 - INFO - Update id=63919898 is not handled. Duration 143 ms by bot id=8364371911
2026-03-07 10:01:17,376 - ERROR - Cause exception while process update id=63919898 by bot id=8364371911
TelegramBadRequest: Telegram server says - Bad Request: query is too old and response timeout expired or query ID is invalid
Traceback (most recent call last):
  File "C:\Users\R O M A\OneDrive\Робочий стіл\telegram bots\.venv\Lib\site-packages\aiogram\dispatcher\dispatcher.py", line 320, in _process_update
    response = await self.feed_update(bot, update, **kwargs)
               ^^^^^^^^^^^^^^^^^^^^^^^^^^^^^^^^^^^^^^^^^^^^^
  File "C:\Users\R O M A\OneDrive\Робочий стіл\telegram bots\.venv\Lib\site-packages\aiogram\dispatcher\dispatcher.py", line 164, in feed_update
    response = await self.update.wrap_outer_middleware(
               ^^^^^^^^^^^^^^^^^^^^^^^^^^^^^^^^^^^^^^^^
    ...<7 lines>...
    )
    ^
  File "C:\Users\R O M A\OneDrive\Робочий стіл\telegram bots\.venv\Lib\site-packages\aiogram\dispatcher\middlewares\error.py", line 27, in __call__
    return await handler(event, data)
           ^^^^^^^^^^^^^^^^^^^^^^^^^^
  File "C:\Users\R O M A\OneDrive\Робочий стіл\telegram bots\.venv\Lib\site-packages\aiogram\dispatcher\middlewares\user_context.py", line 58, in __call__
    return await handler(event, data)
           ^^^^^^^^^^^^^^^^^^^^^^^^^^
  File "C:\Users\R O M A\OneDrive\Робочий стіл\telegram bots\.venv\Lib\site-packages\aiogram\fsm\middleware.py", line 43, in __call__
    return await handler(event, data)
           ^^^^^^^^^^^^^^^^^^^^^^^^^^
  File "C:\Users\R O M A\OneDrive\Робочий стіл\telegram bots\.venv\Lib\site-packages\aiogram\dispatcher\event\telegram.py", line 126, in trigger
    return await wrapped_inner(event, kwargs)
           ^^^^^^^^^^^^^^^^^^^^^^^^^^^^^^^^^^
  File "C:\Users\R O M A\OneDrive\Робочий стіл\telegram bots\.venv\Lib\site-packages\aiogram\dispatcher\event\handler.py", line 71, in call
    return await wrapped()
           ^^^^^^^^^^^^^^^
  File "C:\Users\R O M A\OneDrive\Робочий стіл\telegram bots\.venv\Lib\site-packages\aiogram\dispatcher\dispatcher.py", line 283, in _listen_update
    return await self.propagate_event(update_type=update_type, event=event, **kwargs)
           ^^^^^^^^^^^^^^^^^^^^^^^^^^^^^^^^^^^^^^^^^^^^^^^^^^^^^^^^^^^^^^^^^^^^^^^^^^
  File "C:\Users\R O M A\OneDrive\Робочий стіл\telegram bots\.venv\Lib\site-packages\aiogram\dispatcher\router.py", line 161, in propagate_event
    return await observer.wrap_outer_middleware(_wrapped, event=event, data=kwargs)
           ^^^^^^^^^^^^^^^^^^^^^^^^^^^^^^^^^^^^^^^^^^^^^^^^^^^^^^^^^^^^^^^^^^^^^^^^
  File "C:\Users\R O M A\OneDrive\Робочий стіл\telegram bots\.venv\Lib\site-packages\aiogram\dispatcher\router.py", line 153, in _wrapped
    return await self._propagate_event(
           ^^^^^^^^^^^^^^^^^^^^^^^^^^^^
    ...<4 lines>...
    )
    ^
  File "C:\Users\R O M A\OneDrive\Робочий стіл\telegram bots\.venv\Lib\site-packages\aiogram\dispatcher\router.py", line 181, in _propagate_event
    response = await observer.trigger(event, **kwargs)
               ^^^^^^^^^^^^^^^^^^^^^^^^^^^^^^^^^^^^^^^
  File "C:\Users\R O M A\OneDrive\Робочий стіл\telegram bots\.venv\Lib\site-packages\aiogram\dispatcher\event\telegram.py", line 126, in trigger
    return await wrapped_inner(event, kwargs)
           ^^^^^^^^^^^^^^^^^^^^^^^^^^^^^^^^^^
  File "C:\Users\R O M A\OneDrive\Робочий стіл\telegram bots\.venv\Lib\site-packages\aiogram\dispatcher\event\handler.py", line 71, in call
    return await wrapped()
           ^^^^^^^^^^^^^^^
  File "c:\Users\R O M A\OneDrive\Робочий стіл\telegram bots\bot.py", line 93, in process_buttons
    await callback.answer()
  File "C:\Users\R O M A\OneDrive\Робочий стіл\telegram bots\.venv\Lib\site-packages\aiogram\methods\base.py", line 82, in emit
    return await bot(self)
           ^^^^^^^^^^^^^^^
  File "C:\Users\R O M A\OneDrive\Робочий стіл\telegram bots\.venv\Lib\site-packages\aiogram\client\bot.py", line 487, in __call__
    return await self.session(self, method, timeout=request_timeout)
           ^^^^^^^^^^^^^^^^^^^^^^^^^^^^^^^^^^^^^^^^^^^^^^^^^^^^^^^^^
  File "C:\Users\R O M A\OneDrive\Робочий стіл\telegram bots\.venv\Lib\site-packages\aiogram\client\session\base.py", line 259, in __call__
    return cast(TelegramType, await middleware(bot, method))
                              ^^^^^^^^^^^^^^^^^^^^^^^^^^^^^
  File "C:\Users\R O M A\OneDrive\Робочий стіл\telegram bots\.venv\Lib\site-packages\aiogram\client\session\aiohttp.py", line 177, in make_request
    response = self.check_response(
        bot=bot,
    ...<2 lines>...
        content=raw_result,
    )
  File "C:\Users\R O M A\OneDrive\Робочий стіл\telegram bots\.venv\Lib\site-packages\aiogram\client\session\base.py", line 121, in check_response
    raise TelegramBadRequest(method=method, message=description)
aiogram.exceptions.TelegramBadRequest: Telegram server says - Bad Request: query is too old and response timeout expired or query ID is invalid
2026-03-07 10:01:59,641 - ERROR - Failed to fetch updates - TelegramNetworkError: HTTP Client says - ClientOSError: [WinError 121] The semaphore timeout period has expired
2026-03-07 10:01:59,641 - WARNING - Sleep for 1.000000 seconds and try again... (tryings = 0, bot id = 8364371911)
2026-03-07 10:02:00,774 - INFO - Connection established (tryings = 1, bot id = 8364371911)
2026-03-07 10:02:00,987 - INFO - Update id=63919899 is handled. Duration 210 ms by bot id=8364371911
2026-03-07 10:02:40,167 - ERROR - Failed to fetch updates - TelegramNetworkError: HTTP Client says - ClientOSError: [WinError 121] The semaphore timeout period has expired
2026-03-07 10:02:40,168 - WARNING - Sleep for 1.000000 seconds and try again... (tryings = 0, bot id = 8364371911)
2026-03-07 10:02:49,542 - INFO - Connection established (tryings = 1, bot id = 8364371911)
2026-03-07 10:02:50,259 - INFO - STARTED THE BOT.
2026-03-07 10:02:50,260 - INFO - Update id=63919900 is handled. Duration 716 ms by bot id=8364371911
2026-03-07 10:02:54,807 - INFO - STARTED THE BOT.
2026-03-07 10:02:54,807 - INFO - Update id=63919901 is handled. Duration 133 ms by bot id=8364371911
2026-03-07 10:02:56,755 - INFO - Update id=63919902 is handled. Duration 91 ms by bot id=8364371911
2026-03-07 10:03:03,192 - INFO - Update id=63919904 is handled. Duration 121 ms by bot id=8364371911
2026-03-07 10:03:04,298 - INFO - Update id=63919905 is handled. Duration 88 ms by bot id=8364371911
2026-03-07 10:03:20,746 - INFO - Update id=63919903 is not handled. Duration 19207 ms by bot id=8364371911
2026-03-07 10:03:20,746 - ERROR - Cause exception while process update id=63919903 by bot id=8364371911
TelegramNetworkError: HTTP Client says - ClientOSError: [WinError 121] The semaphore timeout period has expired
Traceback (most recent call last):
  File "C:\Users\R O M A\AppData\Local\Programs\Python\Python313\Lib\asyncio\proactor_events.py", line 286, in _loop_reading
    length = fut.result()
  File "C:\Users\R O M A\AppData\Local\Programs\Python\Python313\Lib\asyncio\windows_events.py", line 804, in _poll
    value = callback(transferred, key, ov)
  File "C:\Users\R O M A\AppData\Local\Programs\Python\Python313\Lib\asyncio\windows_events.py", line 463, in finish_socket_func
    return ov.getresult()
           ~~~~~~~~~~~~^^
OSError: [WinError 121] The semaphore timeout period has expired

The above exception was the direct cause of the following exception:

Traceback (most recent call last):
  File "C:\Users\R O M A\OneDrive\Робочий стіл\telegram bots\.venv\Lib\site-packages\aiogram\client\session\aiohttp.py", line 167, in make_request
    async with session.post(
               ~~~~~~~~~~~~^
        url,
        ^^^^
        data=form,
        ^^^^^^^^^^
        timeout=self.timeout if timeout is None else timeout,
        ^^^^^^^^^^^^^^^^^^^^^^^^^^^^^^^^^^^^^^^^^^^^^^^^^^^^^
    ) as resp:
    ^
  File "C:\Users\R O M A\OneDrive\Робочий стіл\telegram bots\.venv\Lib\site-packages\aiohttp\client.py", line 1510, in __aenter__
    self._resp: _RetType = await self._coro
                           ^^^^^^^^^^^^^^^^
  File "C:\Users\R O M A\OneDrive\Робочий стіл\telegram bots\.venv\Lib\site-packages\aiohttp\client.py", line 779, in _request
    resp = await handler(req)
           ^^^^^^^^^^^^^^^^^^
  File "C:\Users\R O M A\OneDrive\Робочий стіл\telegram bots\.venv\Lib\site-packages\aiohttp\client.py", line 757, in _connect_and_send_request
    await resp.start(conn)
  File "C:\Users\R O M A\OneDrive\Робочий стіл\telegram bots\.venv\Lib\site-packages\aiohttp\client_reqrep.py", line 539, in start
    message, payload = await protocol.read()  # type: ignore[union-attr]
                       ^^^^^^^^^^^^^^^^^^^^^
  File "C:\Users\R O M A\OneDrive\Робочий стіл\telegram bots\.venv\Lib\site-packages\aiohttp\streams.py", line 703, in read
    await self._waiter
aiohttp.client_exceptions.ClientOSError: [WinError 121] The semaphore timeout period has expired

The above exception was the direct cause of the following exception:

Traceback (most recent call last):
  File "C:\Users\R O M A\OneDrive\Робочий стіл\telegram bots\.venv\Lib\site-packages\aiogram\dispatcher\dispatcher.py", line 320, in _process_update
    response = await self.feed_update(bot, update, **kwargs)
               ^^^^^^^^^^^^^^^^^^^^^^^^^^^^^^^^^^^^^^^^^^^^^
  File "C:\Users\R O M A\OneDrive\Робочий стіл\telegram bots\.venv\Lib\site-packages\aiogram\dispatcher\dispatcher.py", line 164, in feed_update
    response = await self.update.wrap_outer_middleware(
               ^^^^^^^^^^^^^^^^^^^^^^^^^^^^^^^^^^^^^^^^
    ...<7 lines>...
    )
    ^
  File "C:\Users\R O M A\OneDrive\Робочий стіл\telegram bots\.venv\Lib\site-packages\aiogram\dispatcher\middlewares\error.py", line 27, in __call__
    return await handler(event, data)
           ^^^^^^^^^^^^^^^^^^^^^^^^^^
  File "C:\Users\R O M A\OneDrive\Робочий стіл\telegram bots\.venv\Lib\site-packages\aiogram\dispatcher\middlewares\user_context.py", line 58, in __call__
    return await handler(event, data)
           ^^^^^^^^^^^^^^^^^^^^^^^^^^
  File "C:\Users\R O M A\OneDrive\Робочий стіл\telegram bots\.venv\Lib\site-packages\aiogram\fsm\middleware.py", line 43, in __call__
    return await handler(event, data)
           ^^^^^^^^^^^^^^^^^^^^^^^^^^
  File "C:\Users\R O M A\OneDrive\Робочий стіл\telegram bots\.venv\Lib\site-packages\aiogram\dispatcher\event\telegram.py", line 126, in trigger
    return await wrapped_inner(event, kwargs)
           ^^^^^^^^^^^^^^^^^^^^^^^^^^^^^^^^^^
  File "C:\Users\R O M A\OneDrive\Робочий стіл\telegram bots\.venv\Lib\site-packages\aiogram\dispatcher\event\handler.py", line 71, in call
    return await wrapped()
           ^^^^^^^^^^^^^^^
  File "C:\Users\R O M A\OneDrive\Робочий стіл\telegram bots\.venv\Lib\site-packages\aiogram\dispatcher\dispatcher.py", line 283, in _listen_update
    return await self.propagate_event(update_type=update_type, event=event, **kwargs)
           ^^^^^^^^^^^^^^^^^^^^^^^^^^^^^^^^^^^^^^^^^^^^^^^^^^^^^^^^^^^^^^^^^^^^^^^^^^
  File "C:\Users\R O M A\OneDrive\Робочий стіл\telegram bots\.venv\Lib\site-packages\aiogram\dispatcher\router.py", line 161, in propagate_event
    return await observer.wrap_outer_middleware(_wrapped, event=event, data=kwargs)
           ^^^^^^^^^^^^^^^^^^^^^^^^^^^^^^^^^^^^^^^^^^^^^^^^^^^^^^^^^^^^^^^^^^^^^^^^
  File "C:\Users\R O M A\OneDrive\Робочий стіл\telegram bots\.venv\Lib\site-packages\aiogram\dispatcher\router.py", line 153, in _wrapped
    return await self._propagate_event(
           ^^^^^^^^^^^^^^^^^^^^^^^^^^^^
    ...<4 lines>...
    )
    ^
  File "C:\Users\R O M A\OneDrive\Робочий стіл\telegram bots\.venv\Lib\site-packages\aiogram\dispatcher\router.py", line 181, in _propagate_event
    response = await observer.trigger(event, **kwargs)
               ^^^^^^^^^^^^^^^^^^^^^^^^^^^^^^^^^^^^^^^
  File "C:\Users\R O M A\OneDrive\Робочий стіл\telegram bots\.venv\Lib\site-packages\aiogram\dispatcher\event\telegram.py", line 126, in trigger
    return await wrapped_inner(event, kwargs)
           ^^^^^^^^^^^^^^^^^^^^^^^^^^^^^^^^^^
  File "C:\Users\R O M A\OneDrive\Робочий стіл\telegram bots\.venv\Lib\site-packages\aiogram\dispatcher\event\handler.py", line 71, in call
    return await wrapped()
           ^^^^^^^^^^^^^^^
  File "c:\Users\R O M A\OneDrive\Робочий стіл\telegram bots\bot.py", line 93, in process_buttons
    await callback.answer()
  File "C:\Users\R O M A\OneDrive\Робочий стіл\telegram bots\.venv\Lib\site-packages\aiogram\methods\base.py", line 82, in emit
    return await bot(self)
           ^^^^^^^^^^^^^^^
  File "C:\Users\R O M A\OneDrive\Робочий стіл\telegram bots\.venv\Lib\site-packages\aiogram\client\bot.py", line 487, in __call__
    return await self.session(self, method, timeout=request_timeout)
           ^^^^^^^^^^^^^^^^^^^^^^^^^^^^^^^^^^^^^^^^^^^^^^^^^^^^^^^^^
  File "C:\Users\R O M A\OneDrive\Робочий стіл\telegram bots\.venv\Lib\site-packages\aiogram\client\session\base.py", line 259, in __call__
    return cast(TelegramType, await middleware(bot, method))
                              ^^^^^^^^^^^^^^^^^^^^^^^^^^^^^
  File "C:\Users\R O M A\OneDrive\Робочий стіл\telegram bots\.venv\Lib\site-packages\aiogram\client\session\aiohttp.py", line 176, in make_request
    raise TelegramNetworkError(method=method, message=f"{type(e).__name__}: {e}") from e
aiogram.exceptions.TelegramNetworkError: HTTP Client says - ClientOSError: [WinError 121] The semaphore timeout period has expired
2026-03-07 10:03:43,496 - ERROR - Failed to fetch updates - TelegramNetworkError: HTTP Client says - ClientOSError: [WinError 121] The semaphore timeout period has expired
2026-03-07 10:03:43,497 - WARNING - Sleep for 1.000000 seconds and try again... (tryings = 0, bot id = 8364371911)
2026-03-07 10:03:54,872 - INFO - Connection established (tryings = 1, bot id = 8364371911)
2026-03-07 10:07:15,056 - INFO - Polling stopped
2026-03-07 10:07:15,058 - ERROR - Failed to fetch updates - TelegramNetworkError: HTTP Client says - ServerDisconnectedError: Server disconnected
2026-03-07 10:07:15,059 - WARNING - Sleep for 1.000000 seconds and try again... (tryings = 0, bot id = 8364371911)
2026-03-07 10:07:15,321 - INFO - Polling stopped for bot @FrankDD_bot id=8364371911 - 'Frank'
2026-03-07 10:10:26,629 - INFO - Start polling
2026-03-07 10:10:26,657 - INFO - Run polling for bot @FrankDD_bot id=8364371911 - 'Frank'
2026-03-07 10:10:34,125 - INFO - Keyboard created.
2026-03-07 10:10:34,256 - INFO - STARTED THE BOT
2026-03-07 10:10:34,256 - INFO - Update id=63919919 is handled. Duration 132 ms by bot id=8364371911
2026-03-07 10:10:35,455 - INFO - Update id=63919920 is handled. Duration 134 ms by bot id=8364371911
2026-03-07 10:10:36,991 - INFO - Update id=63919921 is handled. Duration 81 ms by bot id=8364371911
2026-03-07 10:10:38,094 - INFO - Update id=63919922 is handled. Duration 78 ms by bot id=8364371911
2026-03-07 10:10:39,011 - INFO - Update id=63919923 is handled. Duration 303 ms by bot id=8364371911
2026-03-07 10:10:39,792 - INFO - Update id=63919924 is handled. Duration 78 ms by bot id=8364371911
2026-03-07 10:11:08,932 - ERROR - Failed to fetch updates - TelegramNetworkError: HTTP Client says - ClientOSError: [WinError 121] The semaphore timeout period has expired
2026-03-07 10:11:08,933 - WARNING - Sleep for 1.000000 seconds and try again... (tryings = 0, bot id = 8364371911)
2026-03-07 10:11:10,015 - INFO - Connection established (tryings = 1, bot id = 8364371911)
2026-03-07 10:11:10,018 - INFO - Keyboard created.
2026-03-07 10:11:10,139 - INFO - STARTED THE BOT
2026-03-07 10:11:10,139 - INFO - Update id=63919926 is handled. Duration 122 ms by bot id=8364371911
2026-03-07 10:11:10,207 - INFO - Update id=63919925 is not handled. Duration 190 ms by bot id=8364371911
2026-03-07 10:11:10,208 - ERROR - Cause exception while process update id=63919925 by bot id=8364371911
TelegramBadRequest: Telegram server says - Bad Request: query is too old and response timeout expired or query ID is invalid
Traceback (most recent call last):
  File "C:\Users\R O M A\OneDrive\Робочий стіл\telegram bots\.venv\Lib\site-packages\aiogram\dispatcher\dispatcher.py", line 320, in _process_update
    response = await self.feed_update(bot, update, **kwargs)
               ^^^^^^^^^^^^^^^^^^^^^^^^^^^^^^^^^^^^^^^^^^^^^
  File "C:\Users\R O M A\OneDrive\Робочий стіл\telegram bots\.venv\Lib\site-packages\aiogram\dispatcher\dispatcher.py", line 164, in feed_update
    response = await self.update.wrap_outer_middleware(
               ^^^^^^^^^^^^^^^^^^^^^^^^^^^^^^^^^^^^^^^^
    ...<7 lines>...
    )
    ^
  File "C:\Users\R O M A\OneDrive\Робочий стіл\telegram bots\.venv\Lib\site-packages\aiogram\dispatcher\middlewares\error.py", line 27, in __call__
    return await handler(event, data)
           ^^^^^^^^^^^^^^^^^^^^^^^^^^
  File "C:\Users\R O M A\OneDrive\Робочий стіл\telegram bots\.venv\Lib\site-packages\aiogram\dispatcher\middlewares\user_context.py", line 58, in __call__
    return await handler(event, data)
           ^^^^^^^^^^^^^^^^^^^^^^^^^^
  File "C:\Users\R O M A\OneDrive\Робочий стіл\telegram bots\.venv\Lib\site-packages\aiogram\fsm\middleware.py", line 43, in __call__
    return await handler(event, data)
           ^^^^^^^^^^^^^^^^^^^^^^^^^^
  File "C:\Users\R O M A\OneDrive\Робочий стіл\telegram bots\.venv\Lib\site-packages\aiogram\dispatcher\event\telegram.py", line 126, in trigger
    return await wrapped_inner(event, kwargs)
           ^^^^^^^^^^^^^^^^^^^^^^^^^^^^^^^^^^
  File "C:\Users\R O M A\OneDrive\Робочий стіл\telegram bots\.venv\Lib\site-packages\aiogram\dispatcher\event\handler.py", line 71, in call
    return await wrapped()
           ^^^^^^^^^^^^^^^
  File "C:\Users\R O M A\OneDrive\Робочий стіл\telegram bots\.venv\Lib\site-packages\aiogram\dispatcher\dispatcher.py", line 283, in _listen_update
    return await self.propagate_event(update_type=update_type, event=event, **kwargs)
           ^^^^^^^^^^^^^^^^^^^^^^^^^^^^^^^^^^^^^^^^^^^^^^^^^^^^^^^^^^^^^^^^^^^^^^^^^^
  File "C:\Users\R O M A\OneDrive\Робочий стіл\telegram bots\.venv\Lib\site-packages\aiogram\dispatcher\router.py", line 161, in propagate_event
    return await observer.wrap_outer_middleware(_wrapped, event=event, data=kwargs)
           ^^^^^^^^^^^^^^^^^^^^^^^^^^^^^^^^^^^^^^^^^^^^^^^^^^^^^^^^^^^^^^^^^^^^^^^^
  File "C:\Users\R O M A\OneDrive\Робочий стіл\telegram bots\.venv\Lib\site-packages\aiogram\dispatcher\router.py", line 153, in _wrapped
    return await self._propagate_event(
           ^^^^^^^^^^^^^^^^^^^^^^^^^^^^
    ...<4 lines>...
    )
    ^
  File "C:\Users\R O M A\OneDrive\Робочий стіл\telegram bots\.venv\Lib\site-packages\aiogram\dispatcher\router.py", line 181, in _propagate_event
    response = await observer.trigger(event, **kwargs)
               ^^^^^^^^^^^^^^^^^^^^^^^^^^^^^^^^^^^^^^^
  File "C:\Users\R O M A\OneDrive\Робочий стіл\telegram bots\.venv\Lib\site-packages\aiogram\dispatcher\event\telegram.py", line 126, in trigger
    return await wrapped_inner(event, kwargs)
           ^^^^^^^^^^^^^^^^^^^^^^^^^^^^^^^^^^
  File "C:\Users\R O M A\OneDrive\Робочий стіл\telegram bots\.venv\Lib\site-packages\aiogram\dispatcher\event\handler.py", line 71, in call
    return await wrapped()
           ^^^^^^^^^^^^^^^
  File "c:\Users\R O M A\OneDrive\Робочий стіл\telegram bots\bot.py", line 68, in process_buttons
    await callback.answer()
  File "C:\Users\R O M A\OneDrive\Робочий стіл\telegram bots\.venv\Lib\site-packages\aiogram\methods\base.py", line 82, in emit
    return await bot(self)
           ^^^^^^^^^^^^^^^
  File "C:\Users\R O M A\OneDrive\Робочий стіл\telegram bots\.venv\Lib\site-packages\aiogram\client\bot.py", line 487, in __call__
    return await self.session(self, method, timeout=request_timeout)
           ^^^^^^^^^^^^^^^^^^^^^^^^^^^^^^^^^^^^^^^^^^^^^^^^^^^^^^^^^
  File "C:\Users\R O M A\OneDrive\Робочий стіл\telegram bots\.venv\Lib\site-packages\aiogram\client\session\base.py", line 259, in __call__
    return cast(TelegramType, await middleware(bot, method))
                              ^^^^^^^^^^^^^^^^^^^^^^^^^^^^^
  File "C:\Users\R O M A\OneDrive\Робочий стіл\telegram bots\.venv\Lib\site-packages\aiogram\client\session\aiohttp.py", line 177, in make_request
    response = self.check_response(
        bot=bot,
    ...<2 lines>...
        content=raw_result,
    )
  File "C:\Users\R O M A\OneDrive\Робочий стіл\telegram bots\.venv\Lib\site-packages\aiogram\client\session\base.py", line 121, in check_response
    raise TelegramBadRequest(method=method, message=description)
aiogram.exceptions.TelegramBadRequest: Telegram server says - Bad Request: query is too old and response timeout expired or query ID is invalid
2026-03-07 10:11:12,249 - INFO - Update id=63919927 is handled. Duration 201 ms by bot id=8364371911
2026-03-07 10:11:16,957 - INFO - Player found
2026-03-07 10:11:16,958 - INFO - Update id=63919928 is handled. Duration 185 ms by bot id=8364371911
2026-03-07 10:12:06,104 - ERROR - Failed to fetch updates - TelegramNetworkError: HTTP Client says - ClientOSError: [WinError 121] The semaphore timeout period has expired
2026-03-07 10:12:06,105 - WARNING - Sleep for 1.000000 seconds and try again... (tryings = 0, bot id = 8364371911)
2026-03-07 10:12:17,213 - INFO - Connection established (tryings = 1, bot id = 8364371911)
2026-03-07 16:46:56,820 - INFO - Start polling
2026-03-07 16:46:56,838 - INFO - Run polling for bot @FrankDD_bot id=8364371911 - 'Frank'
2026-03-07 16:47:01,660 - INFO - Keyboard created.
2026-03-07 16:47:01,844 - INFO - STARTED THE BOT
2026-03-07 16:47:01,844 - INFO - Update id=63919929 is handled. Duration 188 ms by bot id=8364371911
2026-03-07 16:47:04,681 - INFO - Button pressed
2026-03-07 16:47:04,708 - INFO - Update id=63919930 is handled. Duration 61 ms by bot id=8364371911
2026-03-07 16:47:07,566 - INFO - Player found
2026-03-07 16:47:07,567 - INFO - Update id=63919931 is handled. Duration 60 ms by bot id=8364371911
2026-03-07 16:47:25,097 - INFO - Started adding player
2026-03-07 16:47:25,098 - INFO - Update id=63919933 is handled. Duration 90 ms by bot id=8364371911
2026-03-07 16:47:38,530 - INFO - Update id=63919932 is not handled. Duration 21634 ms by bot id=8364371911
2026-03-07 16:47:38,531 - ERROR - Cause exception while process update id=63919932 by bot id=8364371911
TelegramNetworkError: HTTP Client says - ClientOSError: [WinError 121] The semaphore timeout period has expired
Traceback (most recent call last):
  File "C:\Users\R O M A\AppData\Local\Programs\Python\Python313\Lib\asyncio\proactor_events.py", line 286, in _loop_reading
    length = fut.result()
  File "C:\Users\R O M A\AppData\Local\Programs\Python\Python313\Lib\asyncio\windows_events.py", line 804, in _poll
    value = callback(transferred, key, ov)
  File "C:\Users\R O M A\AppData\Local\Programs\Python\Python313\Lib\asyncio\windows_events.py", line 463, in finish_socket_func
    return ov.getresult()
           ~~~~~~~~~~~~^^
OSError: [WinError 121] The semaphore timeout period has expired

The above exception was the direct cause of the following exception:

Traceback (most recent call last):
  File "C:\Users\R O M A\OneDrive\Робочий стіл\telegram bots\.venv\Lib\site-packages\aiogram\client\session\aiohttp.py", line 167, in make_request
    async with session.post(
               ~~~~~~~~~~~~^
        url,
        ^^^^
        data=form,
        ^^^^^^^^^^
        timeout=self.timeout if timeout is None else timeout,
        ^^^^^^^^^^^^^^^^^^^^^^^^^^^^^^^^^^^^^^^^^^^^^^^^^^^^^
    ) as resp:
    ^
  File "C:\Users\R O M A\OneDrive\Робочий стіл\telegram bots\.venv\Lib\site-packages\aiohttp\client.py", line 1510, in __aenter__
    self._resp: _RetType = await self._coro
                           ^^^^^^^^^^^^^^^^
  File "C:\Users\R O M A\OneDrive\Робочий стіл\telegram bots\.venv\Lib\site-packages\aiohttp\client.py", line 779, in _request
    resp = await handler(req)
           ^^^^^^^^^^^^^^^^^^
  File "C:\Users\R O M A\OneDrive\Робочий стіл\telegram bots\.venv\Lib\site-packages\aiohttp\client.py", line 757, in _connect_and_send_request
    await resp.start(conn)
  File "C:\Users\R O M A\OneDrive\Робочий стіл\telegram bots\.venv\Lib\site-packages\aiohttp\client_reqrep.py", line 539, in start
    message, payload = await protocol.read()  # type: ignore[union-attr]
                       ^^^^^^^^^^^^^^^^^^^^^
  File "C:\Users\R O M A\OneDrive\Робочий стіл\telegram bots\.venv\Lib\site-packages\aiohttp\streams.py", line 703, in read
    await self._waiter
aiohttp.client_exceptions.ClientOSError: [WinError 121] The semaphore timeout period has expired

The above exception was the direct cause of the following exception:

Traceback (most recent call last):
  File "C:\Users\R O M A\OneDrive\Робочий стіл\telegram bots\.venv\Lib\site-packages\aiogram\dispatcher\dispatcher.py", line 320, in _process_update
    response = await self.feed_update(bot, update, **kwargs)
               ^^^^^^^^^^^^^^^^^^^^^^^^^^^^^^^^^^^^^^^^^^^^^
  File "C:\Users\R O M A\OneDrive\Робочий стіл\telegram bots\.venv\Lib\site-packages\aiogram\dispatcher\dispatcher.py", line 164, in feed_update
    response = await self.update.wrap_outer_middleware(
               ^^^^^^^^^^^^^^^^^^^^^^^^^^^^^^^^^^^^^^^^
    ...<7 lines>...
    )
    ^
  File "C:\Users\R O M A\OneDrive\Робочий стіл\telegram bots\.venv\Lib\site-packages\aiogram\dispatcher\middlewares\error.py", line 27, in __call__
    return await handler(event, data)
           ^^^^^^^^^^^^^^^^^^^^^^^^^^
  File "C:\Users\R O M A\OneDrive\Робочий стіл\telegram bots\.venv\Lib\site-packages\aiogram\dispatcher\middlewares\user_context.py", line 58, in __call__
    return await handler(event, data)
           ^^^^^^^^^^^^^^^^^^^^^^^^^^
  File "C:\Users\R O M A\OneDrive\Робочий стіл\telegram bots\.venv\Lib\site-packages\aiogram\fsm\middleware.py", line 43, in __call__
    return await handler(event, data)
           ^^^^^^^^^^^^^^^^^^^^^^^^^^
  File "C:\Users\R O M A\OneDrive\Робочий стіл\telegram bots\.venv\Lib\site-packages\aiogram\dispatcher\event\telegram.py", line 126, in trigger
    return await wrapped_inner(event, kwargs)
           ^^^^^^^^^^^^^^^^^^^^^^^^^^^^^^^^^^
  File "C:\Users\R O M A\OneDrive\Робочий стіл\telegram bots\.venv\Lib\site-packages\aiogram\dispatcher\event\handler.py", line 71, in call
    return await wrapped()
           ^^^^^^^^^^^^^^^
  File "C:\Users\R O M A\OneDrive\Робочий стіл\telegram bots\.venv\Lib\site-packages\aiogram\dispatcher\dispatcher.py", line 283, in _listen_update
    return await self.propagate_event(update_type=update_type, event=event, **kwargs)
           ^^^^^^^^^^^^^^^^^^^^^^^^^^^^^^^^^^^^^^^^^^^^^^^^^^^^^^^^^^^^^^^^^^^^^^^^^^
  File "C:\Users\R O M A\OneDrive\Робочий стіл\telegram bots\.venv\Lib\site-packages\aiogram\dispatcher\router.py", line 161, in propagate_event
    return await observer.wrap_outer_middleware(_wrapped, event=event, data=kwargs)
           ^^^^^^^^^^^^^^^^^^^^^^^^^^^^^^^^^^^^^^^^^^^^^^^^^^^^^^^^^^^^^^^^^^^^^^^^
  File "C:\Users\R O M A\OneDrive\Робочий стіл\telegram bots\.venv\Lib\site-packages\aiogram\dispatcher\router.py", line 153, in _wrapped
    return await self._propagate_event(
           ^^^^^^^^^^^^^^^^^^^^^^^^^^^^
    ...<4 lines>...
    )
    ^
  File "C:\Users\R O M A\OneDrive\Робочий стіл\telegram bots\.venv\Lib\site-packages\aiogram\dispatcher\router.py", line 181, in _propagate_event
    response = await observer.trigger(event, **kwargs)
               ^^^^^^^^^^^^^^^^^^^^^^^^^^^^^^^^^^^^^^^
  File "C:\Users\R O M A\OneDrive\Робочий стіл\telegram bots\.venv\Lib\site-packages\aiogram\dispatcher\event\telegram.py", line 126, in trigger
    return await wrapped_inner(event, kwargs)
           ^^^^^^^^^^^^^^^^^^^^^^^^^^^^^^^^^^
  File "C:\Users\R O M A\OneDrive\Робочий стіл\telegram bots\.venv\Lib\site-packages\aiogram\dispatcher\event\handler.py", line 71, in call
    return await wrapped()
           ^^^^^^^^^^^^^^^
  File "c:\Users\R O M A\OneDrive\Робочий стіл\telegram bots\bot.py", line 56, in process_buttons
    await callback.message.answer("Enter player's name:")
  File "C:\Users\R O M A\OneDrive\Робочий стіл\telegram bots\.venv\Lib\site-packages\aiogram\methods\base.py", line 82, in emit
    return await bot(self)
           ^^^^^^^^^^^^^^^
  File "C:\Users\R O M A\OneDrive\Робочий стіл\telegram bots\.venv\Lib\site-packages\aiogram\client\bot.py", line 487, in __call__
    return await self.session(self, method, timeout=request_timeout)
           ^^^^^^^^^^^^^^^^^^^^^^^^^^^^^^^^^^^^^^^^^^^^^^^^^^^^^^^^^
  File "C:\Users\R O M A\OneDrive\Робочий стіл\telegram bots\.venv\Lib\site-packages\aiogram\client\session\base.py", line 259, in __call__
    return cast(TelegramType, await middleware(bot, method))
                              ^^^^^^^^^^^^^^^^^^^^^^^^^^^^^
  File "C:\Users\R O M A\OneDrive\Робочий стіл\telegram bots\.venv\Lib\site-packages\aiogram\client\session\aiohttp.py", line 176, in make_request
    raise TelegramNetworkError(method=method, message=f"{type(e).__name__}: {e}") from e
aiogram.exceptions.TelegramNetworkError: HTTP Client says - ClientOSError: [WinError 121] The semaphore timeout period has expired
2026-03-07 16:47:38,993 - INFO - Update id=63919934 is handled. Duration 43 ms by bot id=8364371911
2026-03-07 16:48:08,154 - ERROR - Failed to fetch updates - TelegramNetworkError: HTTP Client says - ClientOSError: [WinError 121] The semaphore timeout period has expired
2026-03-07 16:48:08,192 - WARNING - Sleep for 1.000000 seconds and try again... (tryings = 0, bot id = 8364371911)
2026-03-07 16:48:19,290 - INFO - Connection established (tryings = 1, bot id = 8364371911)
2026-03-07 16:49:59,537 - INFO - Update id=63919935 is handled. Duration 84 ms by bot id=8364371911
2026-03-07 16:50:02,426 - INFO - Update id=63919936 is handled. Duration 114 ms by bot id=8364371911
2026-03-07 16:50:05,079 - INFO - Update id=63919937 is handled. Duration 118 ms by bot id=8364371911
2026-03-07 16:50:07,883 - INFO - Update id=63919938 is handled. Duration 50 ms by bot id=8364371911
2026-03-07 16:50:10,867 - INFO - Update id=63919939 is handled. Duration 127 ms by bot id=8364371911
2026-03-07 16:50:39,930 - ERROR - Failed to fetch updates - TelegramNetworkError: HTTP Client says - ClientOSError: [WinError 121] The semaphore timeout period has expired
2026-03-07 16:50:39,931 - WARNING - Sleep for 1.000000 seconds and try again... (tryings = 0, bot id = 8364371911)
2026-03-07 16:50:41,014 - INFO - Connection established (tryings = 1, bot id = 8364371911)
2026-03-07 16:50:41,157 - INFO - Another player added
2026-03-07 16:50:41,164 - INFO - Update id=63919940 is handled. Duration 148 ms by bot id=8364371911
2026-03-07 16:50:46,963 - INFO - Top command used
2026-03-07 16:50:46,964 - INFO - Update id=63919941 is handled. Duration 53 ms by bot id=8364371911
2026-03-07 16:50:51,006 - INFO - Find player command started
2026-03-07 16:50:51,007 - INFO - Update id=63919942 is handled. Duration 53 ms by bot id=8364371911
2026-03-07 16:50:55,016 - INFO - Player found
2026-03-07 16:50:55,017 - INFO - Update id=63919943 is handled. Duration 62 ms by bot id=8364371911
2026-03-07 16:51:34,167 - ERROR - Failed to fetch updates - TelegramNetworkError: HTTP Client says - ClientOSError: [WinError 121] The semaphore timeout period has expired
2026-03-07 16:51:34,167 - WARNING - Sleep for 1.000000 seconds and try again... (tryings = 0, bot id = 8364371911)
2026-03-07 16:51:45,272 - INFO - Connection established (tryings = 1, bot id = 8364371911)
2026-03-07 17:00:20,902 - INFO - Polling stopped
2026-03-07 17:00:20,903 - ERROR - Failed to fetch updates - TelegramNetworkError: HTTP Client says - ServerDisconnectedError: Server disconnected
2026-03-07 17:00:20,905 - WARNING - Sleep for 1.000000 seconds and try again... (tryings = 0, bot id = 8364371911)
2026-03-07 17:00:21,158 - INFO - Polling stopped for bot @FrankDD_bot id=8364371911 - 'Frank'
2026-03-07 17:00:31,920 - INFO - Start polling
2026-03-07 17:00:31,939 - INFO - Run polling for bot @FrankDD_bot id=8364371911 - 'Frank'
2026-03-07 17:01:11,159 - ERROR - Failed to fetch updates - TelegramNetworkError: HTTP Client says - ClientOSError: [WinError 121] The semaphore timeout period has expired
2026-03-07 17:01:11,160 - WARNING - Sleep for 1.000000 seconds and try again... (tryings = 0, bot id = 8364371911)
2026-03-07 17:01:12,492 - INFO - Connection established (tryings = 1, bot id = 8364371911)
2026-03-07 17:01:12,495 - INFO - Keyboard created.
2026-03-07 17:01:12,798 - INFO - STARTED THE BOT
2026-03-07 17:01:12,798 - INFO - Update id=63919944 is handled. Duration 305 ms by bot id=8364371911
2026-03-07 17:01:15,567 - INFO - Button pressed
2026-03-07 17:01:15,617 - INFO - Update id=63919945 is handled. Duration 125 ms by bot id=8364371911
2026-03-07 17:01:19,172 - INFO - Player found
2026-03-07 17:01:19,173 - INFO - Update id=63919946 is handled. Duration 66 ms by bot id=8364371911
2026-03-07 17:01:55,556 - INFO - Button pressed
2026-03-07 17:01:55,680 - INFO - Update id=63919948 is handled. Duration 365 ms by bot id=8364371911
2026-03-07 17:01:59,917 - INFO - Button pressed
2026-03-07 17:01:59,968 - INFO - Update id=63919949 is handled. Duration 182 ms by bot id=8364371911
2026-03-07 17:02:02,971 - INFO - Button pressed
2026-03-07 17:02:03,028 - INFO - Update id=63919950 is handled. Duration 286 ms by bot id=8364371911
2026-03-07 17:02:05,671 - INFO - Update id=63919947 is not handled. Duration 29398 ms by bot id=8364371911
2026-03-07 17:02:05,672 - ERROR - Cause exception while process update id=63919947 by bot id=8364371911
TelegramNetworkError: HTTP Client says - ClientOSError: [WinError 121] The semaphore timeout period has expired
Traceback (most recent call last):
  File "C:\Users\R O M A\AppData\Local\Programs\Python\Python313\Lib\asyncio\proactor_events.py", line 286, in _loop_reading
    length = fut.result()
  File "C:\Users\R O M A\AppData\Local\Programs\Python\Python313\Lib\asyncio\windows_events.py", line 804, in _poll
    value = callback(transferred, key, ov)
  File "C:\Users\R O M A\AppData\Local\Programs\Python\Python313\Lib\asyncio\windows_events.py", line 463, in finish_socket_func
    return ov.getresult()
           ~~~~~~~~~~~~^^
OSError: [WinError 121] The semaphore timeout period has expired

The above exception was the direct cause of the following exception:

Traceback (most recent call last):
  File "C:\Users\R O M A\OneDrive\Робочий стіл\telegram bots\.venv\Lib\site-packages\aiogram\client\session\aiohttp.py", line 167, in make_request
    async with session.post(
               ~~~~~~~~~~~~^
        url,
        ^^^^
        data=form,
        ^^^^^^^^^^
        timeout=self.timeout if timeout is None else timeout,
        ^^^^^^^^^^^^^^^^^^^^^^^^^^^^^^^^^^^^^^^^^^^^^^^^^^^^^
    ) as resp:
    ^
  File "C:\Users\R O M A\OneDrive\Робочий стіл\telegram bots\.venv\Lib\site-packages\aiohttp\client.py", line 1510, in __aenter__
    self._resp: _RetType = await self._coro
                           ^^^^^^^^^^^^^^^^
  File "C:\Users\R O M A\OneDrive\Робочий стіл\telegram bots\.venv\Lib\site-packages\aiohttp\client.py", line 779, in _request
    resp = await handler(req)
           ^^^^^^^^^^^^^^^^^^
  File "C:\Users\R O M A\OneDrive\Робочий стіл\telegram bots\.venv\Lib\site-packages\aiohttp\client.py", line 757, in _connect_and_send_request
    await resp.start(conn)
  File "C:\Users\R O M A\OneDrive\Робочий стіл\telegram bots\.venv\Lib\site-packages\aiohttp\client_reqrep.py", line 539, in start
    message, payload = await protocol.read()  # type: ignore[union-attr]
                       ^^^^^^^^^^^^^^^^^^^^^
  File "C:\Users\R O M A\OneDrive\Робочий стіл\telegram bots\.venv\Lib\site-packages\aiohttp\streams.py", line 703, in read
    await self._waiter
aiohttp.client_exceptions.ClientOSError: [WinError 121] The semaphore timeout period has expired

The above exception was the direct cause of the following exception:

Traceback (most recent call last):
  File "C:\Users\R O M A\OneDrive\Робочий стіл\telegram bots\.venv\Lib\site-packages\aiogram\dispatcher\dispatcher.py", line 320, in _process_update
    response = await self.feed_update(bot, update, **kwargs)
               ^^^^^^^^^^^^^^^^^^^^^^^^^^^^^^^^^^^^^^^^^^^^^
  File "C:\Users\R O M A\OneDrive\Робочий стіл\telegram bots\.venv\Lib\site-packages\aiogram\dispatcher\dispatcher.py", line 164, in feed_update
    response = await self.update.wrap_outer_middleware(
               ^^^^^^^^^^^^^^^^^^^^^^^^^^^^^^^^^^^^^^^^
    ...<7 lines>...
    )
    ^
  File "C:\Users\R O M A\OneDrive\Робочий стіл\telegram bots\.venv\Lib\site-packages\aiogram\dispatcher\middlewares\error.py", line 27, in __call__
    return await handler(event, data)
           ^^^^^^^^^^^^^^^^^^^^^^^^^^
  File "C:\Users\R O M A\OneDrive\Робочий стіл\telegram bots\.venv\Lib\site-packages\aiogram\dispatcher\middlewares\user_context.py", line 58, in __call__
    return await handler(event, data)
           ^^^^^^^^^^^^^^^^^^^^^^^^^^
  File "C:\Users\R O M A\OneDrive\Робочий стіл\telegram bots\.venv\Lib\site-packages\aiogram\fsm\middleware.py", line 43, in __call__
    return await handler(event, data)
           ^^^^^^^^^^^^^^^^^^^^^^^^^^
  File "C:\Users\R O M A\OneDrive\Робочий стіл\telegram bots\.venv\Lib\site-packages\aiogram\dispatcher\event\telegram.py", line 126, in trigger
    return await wrapped_inner(event, kwargs)
           ^^^^^^^^^^^^^^^^^^^^^^^^^^^^^^^^^^
  File "C:\Users\R O M A\OneDrive\Робочий стіл\telegram bots\.venv\Lib\site-packages\aiogram\dispatcher\event\handler.py", line 71, in call
    return await wrapped()
           ^^^^^^^^^^^^^^^
  File "C:\Users\R O M A\OneDrive\Робочий стіл\telegram bots\.venv\Lib\site-packages\aiogram\dispatcher\dispatcher.py", line 283, in _listen_update
    return await self.propagate_event(update_type=update_type, event=event, **kwargs)
           ^^^^^^^^^^^^^^^^^^^^^^^^^^^^^^^^^^^^^^^^^^^^^^^^^^^^^^^^^^^^^^^^^^^^^^^^^^
  File "C:\Users\R O M A\OneDrive\Робочий стіл\telegram bots\.venv\Lib\site-packages\aiogram\dispatcher\router.py", line 161, in propagate_event
    return await observer.wrap_outer_middleware(_wrapped, event=event, data=kwargs)
           ^^^^^^^^^^^^^^^^^^^^^^^^^^^^^^^^^^^^^^^^^^^^^^^^^^^^^^^^^^^^^^^^^^^^^^^^
  File "C:\Users\R O M A\OneDrive\Робочий стіл\telegram bots\.venv\Lib\site-packages\aiogram\dispatcher\router.py", line 153, in _wrapped
    return await self._propagate_event(
           ^^^^^^^^^^^^^^^^^^^^^^^^^^^^
    ...<4 lines>...
    )
    ^
  File "C:\Users\R O M A\OneDrive\Робочий стіл\telegram bots\.venv\Lib\site-packages\aiogram\dispatcher\router.py", line 181, in _propagate_event
    response = await observer.trigger(event, **kwargs)
               ^^^^^^^^^^^^^^^^^^^^^^^^^^^^^^^^^^^^^^^
  File "C:\Users\R O M A\OneDrive\Робочий стіл\telegram bots\.venv\Lib\site-packages\aiogram\dispatcher\event\telegram.py", line 126, in trigger
    return await wrapped_inner(event, kwargs)
           ^^^^^^^^^^^^^^^^^^^^^^^^^^^^^^^^^^
  File "C:\Users\R O M A\OneDrive\Робочий стіл\telegram bots\.venv\Lib\site-packages\aiogram\dispatcher\event\handler.py", line 71, in call
    return await wrapped()
           ^^^^^^^^^^^^^^^
  File "c:\Users\R O M A\OneDrive\Робочий стіл\telegram bots\bot.py", line 56, in process_buttons
    await callback.message.answer("Enter player's name:")
  File "C:\Users\R O M A\OneDrive\Робочий стіл\telegram bots\.venv\Lib\site-packages\aiogram\methods\base.py", line 82, in emit
    return await bot(self)
           ^^^^^^^^^^^^^^^
  File "C:\Users\R O M A\OneDrive\Робочий стіл\telegram bots\.venv\Lib\site-packages\aiogram\client\bot.py", line 487, in __call__
    return await self.session(self, method, timeout=request_timeout)
           ^^^^^^^^^^^^^^^^^^^^^^^^^^^^^^^^^^^^^^^^^^^^^^^^^^^^^^^^^
  File "C:\Users\R O M A\OneDrive\Робочий стіл\telegram bots\.venv\Lib\site-packages\aiogram\client\session\base.py", line 259, in __call__
    return cast(TelegramType, await middleware(bot, method))
                              ^^^^^^^^^^^^^^^^^^^^^^^^^^^^^
  File "C:\Users\R O M A\OneDrive\Робочий стіл\telegram bots\.venv\Lib\site-packages\aiogram\client\session\aiohttp.py", line 176, in make_request
    raise TelegramNetworkError(method=method, message=f"{type(e).__name__}: {e}") from e
aiogram.exceptions.TelegramNetworkError: HTTP Client says - ClientOSError: [WinError 121] The semaphore timeout period has expired
2026-03-07 17:02:54,167 - INFO - Player found
2026-03-07 17:02:54,176 - INFO - Update id=63919951 is handled. Duration 71 ms by bot id=8364371911
2026-03-07 17:04:18,224 - INFO - Keyboard created.
2026-03-07 17:04:18,263 - INFO - STARTED THE BOT
2026-03-07 17:04:18,263 - INFO - Update id=63919952 is handled. Duration 40 ms by bot id=8364371911
2026-03-07 17:04:19,612 - INFO - Button pressed
2026-03-07 17:04:19,654 - INFO - Update id=63919953 is handled. Duration 121 ms by bot id=8364371911
2026-03-07 17:04:23,736 - INFO - Player found
2026-03-07 17:04:23,737 - INFO - Update id=63919954 is handled. Duration 43 ms by bot id=8364371911
2026-03-07 17:04:26,448 - INFO - Button pressed
2026-03-07 17:04:26,551 - INFO - Update id=63919955 is handled. Duration 253 ms by bot id=8364371911
2026-03-07 17:04:28,411 - INFO - Button pressed
2026-03-07 17:04:28,462 - INFO - Update id=63919956 is handled. Duration 92 ms by bot id=8364371911
2026-03-07 17:04:33,382 - INFO - Player found
2026-03-07 17:04:33,383 - INFO - Update id=63919957 is handled. Duration 74 ms by bot id=8364371911
2026-03-07 17:05:26,525 - INFO - Started adding player
2026-03-07 17:05:26,525 - INFO - Update id=63919958 is handled. Duration 384 ms by bot id=8364371911
2026-03-07 17:05:29,770 - INFO - Find player command started
2026-03-07 17:05:29,841 - INFO - Update id=63919959 is handled. Duration 171 ms by bot id=8364371911
2026-03-07 17:05:37,292 - INFO - Polling stopped
2026-03-07 17:05:37,294 - ERROR - Failed to fetch updates - TelegramNetworkError: HTTP Client says - ServerDisconnectedError: Server disconnected
2026-03-07 17:05:37,294 - WARNING - Sleep for 1.000000 seconds and try again... (tryings = 0, bot id = 8364371911)
2026-03-07 17:05:37,547 - INFO - Polling stopped for bot @FrankDD_bot id=8364371911 - 'Frank'
2026-03-07 17:55:05,555 - INFO - Start polling
2026-03-07 17:55:05,577 - INFO - Run polling for bot @FrankDD_bot id=8364371911 - 'Frank'
2026-03-07 17:55:05,606 - INFO - Keyboard created.
2026-03-07 17:55:05,765 - INFO - STARTED THE BOT
2026-03-07 17:55:05,766 - INFO - Update id=63919960 is handled. Duration 163 ms by bot id=8364371911
2026-03-07 17:55:10,497 - INFO - Button pressed
2026-03-07 17:55:10,522 - INFO - Update id=63919961 is handled. Duration 59 ms by bot id=8364371911
2026-03-07 17:55:14,938 - INFO - Player found
2026-03-07 17:55:14,938 - INFO - Update id=63919962 is handled. Duration 54 ms by bot id=8364371911
2026-03-07 17:55:29,273 - INFO - Top command used
2026-03-07 17:55:29,274 - INFO - Update id=63919963 is handled. Duration 44 ms by bot id=8364371911
2026-03-07 17:55:48,450 - ERROR - Failed to fetch updates - TelegramNetworkError: HTTP Client says - ClientOSError: [WinError 121] The semaphore timeout period has expired
2026-03-07 17:55:48,450 - WARNING - Sleep for 1.000000 seconds and try again... (tryings = 0, bot id = 8364371911)
2026-03-07 17:55:49,507 - INFO - Connection established (tryings = 1, bot id = 8364371911)
2026-03-07 17:55:49,601 - INFO - Help command used
2026-03-07 17:55:49,602 - INFO - Update id=63919964 is handled. Duration 92 ms by bot id=8364371911
2026-03-07 17:56:28,725 - ERROR - Failed to fetch updates - TelegramNetworkError: HTTP Client says - ClientOSError: [WinError 121] The semaphore timeout period has expired
2026-03-07 17:56:28,726 - WARNING - Sleep for 1.000000 seconds and try again... (tryings = 0, bot id = 8364371911)
2026-03-07 17:56:39,794 - INFO - Connection established (tryings = 1, bot id = 8364371911)
2026-03-07 17:57:08,995 - ERROR - Failed to fetch updates - TelegramNetworkError: HTTP Client says - ClientOSError: [WinError 121] The semaphore timeout period has expired
2026-03-07 17:57:08,996 - WARNING - Sleep for 1.000000 seconds and try again... (tryings = 0, bot id = 8364371911)
2026-03-07 17:57:20,122 - INFO - Connection established (tryings = 1, bot id = 8364371911)
